[2022-08-22T04:53:27.990Z] Validating found git in: git
[2022-08-22T04:53:28.045Z] Using git 2.25.1 from git
[2022-08-22T04:53:28.086Z] > git rev-parse --git-dir [3ms]
[2022-08-22T04:53:28.094Z] Open repository: /var/www/html/officework/Stackoet
[2022-08-22T04:53:28.881Z] > git symbolic-ref --short HEAD [5ms]
[2022-08-22T04:53:28.896Z] > git for-each-ref --format=%(refname)%00%(upstream:short)%00%(objectname)%00%(upstream:track) refs/heads/main refs/remotes/main [8ms]
[2022-08-22T04:53:28.946Z] > git for-each-ref --sort -committerdate --format %(refname) %(objectname) %(*objectname) [43ms]
[2022-08-22T04:53:28.948Z] > git ls-files --stage -- /var/www/html/officework/Stackoet/token.txt [19ms]
[2022-08-22T04:53:28.957Z] > git remote --verbose [47ms]
[2022-08-22T04:53:28.972Z] > git cat-file -s d4cdef63c7ff3e1846feaccfa7b5085e5707cdcc [16ms]
[2022-08-22T04:53:28.974Z] > git config --get commit.template [6ms]
[2022-08-22T04:53:30.373Z] > git symbolic-ref --short HEAD [1ms]
[2022-08-22T04:53:30.382Z] > git for-each-ref --format=%(refname)%00%(upstream:short)%00%(objectname)%00%(upstream:track) refs/heads/main refs/remotes/main [2ms]
[2022-08-22T04:53:30.396Z] > git for-each-ref --sort -committerdate --format %(refname) %(objectname) %(*objectname) [7ms]
[2022-08-22T04:53:30.397Z] > git remote --verbose [2ms]
[2022-08-22T04:53:30.411Z] > git config --get commit.template [3ms]
[2022-08-22T04:53:35.441Z] > git symbolic-ref --short HEAD [1ms]
[2022-08-22T04:53:35.449Z] > git for-each-ref --format=%(refname)%00%(upstream:short)%00%(objectname)%00%(upstream:track) refs/heads/main refs/remotes/main [2ms]
[2022-08-22T04:53:35.463Z] > git remote --verbose [2ms]
[2022-08-22T04:53:35.463Z] > git for-each-ref --sort -committerdate --format %(refname) %(objectname) %(*objectname) [7ms]
[2022-08-22T04:53:35.472Z] > git config --get commit.template [1ms]
[2022-08-22T04:53:40.506Z] > git symbolic-ref --short HEAD [2ms]
[2022-08-22T04:53:40.514Z] > git for-each-ref --format=%(refname)%00%(upstream:short)%00%(objectname)%00%(upstream:track) refs/heads/main refs/remotes/main [2ms]
[2022-08-22T04:53:40.526Z] > git for-each-ref --sort -committerdate --format %(refname) %(objectname) %(*objectname) [6ms]
[2022-08-22T04:53:40.526Z] > git remote --verbose [1ms]
[2022-08-22T04:53:40.538Z] > git config --get commit.template [2ms]
[2022-08-22T04:55:57.976Z] > git symbolic-ref --short HEAD [3ms]
[2022-08-22T04:55:57.986Z] > git for-each-ref --format=%(refname)%00%(upstream:short)%00%(objectname)%00%(upstream:track) refs/heads/main refs/remotes/main [3ms]
[2022-08-22T04:55:58.004Z] > git for-each-ref --sort -committerdate --format %(refname) %(objectname) %(*objectname) [10ms]
[2022-08-22T04:55:58.004Z] > git remote --verbose [2ms]
[2022-08-22T04:55:58.015Z] > git config --get commit.template [4ms]
[2022-08-22T04:56:22.113Z] > git symbolic-ref --short HEAD [2ms]
[2022-08-22T04:56:22.130Z] > git for-each-ref --format=%(refname)%00%(upstream:short)%00%(objectname)%00%(upstream:track) refs/heads/main refs/remotes/main [9ms]
[2022-08-22T04:56:22.156Z] > git for-each-ref --sort -committerdate --format %(refname) %(objectname) %(*objectname) [11ms]
[2022-08-22T04:56:22.157Z] > git remote --verbose [2ms]
[2022-08-22T04:56:22.170Z] > git config --get commit.template [2ms]
[2022-08-22T04:56:27.197Z] > git symbolic-ref --short HEAD [2ms]
[2022-08-22T04:56:27.205Z] > git for-each-ref --format=%(refname)%00%(upstream:short)%00%(objectname)%00%(upstream:track) refs/heads/main refs/remotes/main [2ms]
[2022-08-22T04:56:27.220Z] > git for-each-ref --sort -committerdate --format %(refname) %(objectname) %(*objectname) [7ms]
[2022-08-22T04:56:27.221Z] > git remote --verbose [2ms]
[2022-08-22T04:56:27.237Z] > git config --get commit.template [6ms]
[2022-08-22T04:56:40.749Z] > git symbolic-ref --short HEAD [2ms]
[2022-08-22T04:56:40.757Z] > git for-each-ref --format=%(refname)%00%(upstream:short)%00%(objectname)%00%(upstream:track) refs/heads/main refs/remotes/main [2ms]
[2022-08-22T04:56:40.768Z] > git for-each-ref --sort -committerdate --format %(refname) %(objectname) %(*objectname) [5ms]
[2022-08-22T04:56:40.768Z] > git remote --verbose [1ms]
[2022-08-22T04:56:40.782Z] > git config --get commit.template [2ms]
[2022-08-22T04:56:58.884Z] > git symbolic-ref --short HEAD [2ms]
[2022-08-22T04:56:58.895Z] > git for-each-ref --format=%(refname)%00%(upstream:short)%00%(objectname)%00%(upstream:track) refs/heads/main refs/remotes/main [2ms]
[2022-08-22T04:56:58.909Z] > git for-each-ref --sort -committerdate --format %(refname) %(objectname) %(*objectname) [7ms]
[2022-08-22T04:56:58.910Z] > git remote --verbose [2ms]
[2022-08-22T04:56:58.920Z] > git config --get commit.template [2ms]
[2022-08-22T04:57:04.462Z] > git symbolic-ref --short HEAD [5ms]
[2022-08-22T04:57:04.471Z] > git for-each-ref --format=%(refname)%00%(upstream:short)%00%(objectname)%00%(upstream:track) refs/heads/main refs/remotes/main [2ms]
[2022-08-22T04:57:04.489Z] > git for-each-ref --sort -committerdate --format %(refname) %(objectname) %(*objectname) [12ms]
[2022-08-22T04:57:04.490Z] > git remote --verbose [5ms]
[2022-08-22T04:57:04.505Z] > git config --get commit.template [3ms]
[2022-08-22T04:57:04.999Z] > git ls-files --stage -- /var/www/html/officework/Stackoet/assets/style/style.css [22ms]
[2022-08-22T04:57:05.009Z] > git cat-file -s 836dc66f0b6da786e06201683d8ab62edd978e0e [2ms]
[2022-08-22T04:57:09.530Z] > git symbolic-ref --short HEAD [1ms]
[2022-08-22T04:57:09.537Z] > git for-each-ref --format=%(refname)%00%(upstream:short)%00%(objectname)%00%(upstream:track) refs/heads/main refs/remotes/main [2ms]
[2022-08-22T04:57:09.547Z] > git for-each-ref --sort -committerdate --format %(refname) %(objectname) %(*objectname) [6ms]
[2022-08-22T04:57:09.547Z] > git remote --verbose [1ms]
[2022-08-22T04:57:09.555Z] > git config --get commit.template [1ms]
[2022-08-22T04:57:14.581Z] > git symbolic-ref --short HEAD [1ms]
[2022-08-22T04:57:14.587Z] > git for-each-ref --format=%(refname)%00%(upstream:short)%00%(objectname)%00%(upstream:track) refs/heads/main refs/remotes/main [2ms]
[2022-08-22T04:57:14.598Z] > git for-each-ref --sort -committerdate --format %(refname) %(objectname) %(*objectname) [7ms]
[2022-08-22T04:57:14.598Z] > git remote --verbose [1ms]
[2022-08-22T04:57:14.610Z] > git config --get commit.template [4ms]
[2022-08-22T04:57:34.888Z] > git symbolic-ref --short HEAD [3ms]
[2022-08-22T04:57:34.900Z] > git for-each-ref --format=%(refname)%00%(upstream:short)%00%(objectname)%00%(upstream:track) refs/heads/main refs/remotes/main [3ms]
[2022-08-22T04:57:34.916Z] > git for-each-ref --sort -committerdate --format %(refname) %(objectname) %(*objectname) [8ms]
[2022-08-22T04:57:34.916Z] > git remote --verbose [2ms]
[2022-08-22T04:57:34.927Z] > git config --get commit.template [2ms]
[2022-08-22T04:57:39.955Z] > git symbolic-ref --short HEAD [2ms]
[2022-08-22T04:57:39.962Z] > git for-each-ref --format=%(refname)%00%(upstream:short)%00%(objectname)%00%(upstream:track) refs/heads/main refs/remotes/main [1ms]
[2022-08-22T04:57:39.974Z] > git for-each-ref --sort -committerdate --format %(refname) %(objectname) %(*objectname) [7ms]
[2022-08-22T04:57:39.975Z] > git remote --verbose [2ms]
[2022-08-22T04:57:39.985Z] > git config --get commit.template [2ms]
[2022-08-22T04:57:50.227Z] > git symbolic-ref --short HEAD [2ms]
[2022-08-22T04:57:50.235Z] > git for-each-ref --format=%(refname)%00%(upstream:short)%00%(objectname)%00%(upstream:track) refs/heads/main refs/remotes/main [2ms]
[2022-08-22T04:57:50.252Z] > git for-each-ref --sort -committerdate --format %(refname) %(objectname) %(*objectname) [11ms]
[2022-08-22T04:57:50.252Z] > git remote --verbose [3ms]
[2022-08-22T04:57:50.263Z] > git config --get commit.template [2ms]
[2022-08-22T04:57:55.287Z] > git symbolic-ref --short HEAD [1ms]
[2022-08-22T04:57:55.294Z] > git for-each-ref --format=%(refname)%00%(upstream:short)%00%(objectname)%00%(upstream:track) refs/heads/main refs/remotes/main [2ms]
[2022-08-22T04:57:55.310Z] > git for-each-ref --sort -committerdate --format %(refname) %(objectname) %(*objectname) [9ms]
[2022-08-22T04:57:55.310Z] > git remote --verbose [3ms]
[2022-08-22T04:57:55.323Z] > git config --get commit.template [4ms]
[2022-08-22T04:58:09.494Z] > git symbolic-ref --short HEAD [1ms]
[2022-08-22T04:58:09.507Z] > git for-each-ref --format=%(refname)%00%(upstream:short)%00%(objectname)%00%(upstream:track) refs/heads/main refs/remotes/main [2ms]
[2022-08-22T04:58:09.523Z] > git remote --verbose [3ms]
[2022-08-22T04:58:09.523Z] > git for-each-ref --sort -committerdate --format %(refname) %(objectname) %(*objectname) [9ms]
[2022-08-22T04:58:09.536Z] > git config --get commit.template [0ms]
[2022-08-22T04:58:14.566Z] > git symbolic-ref --short HEAD [3ms]
[2022-08-22T04:58:14.573Z] > git for-each-ref --format=%(refname)%00%(upstream:short)%00%(objectname)%00%(upstream:track) refs/heads/main refs/remotes/main [1ms]
[2022-08-22T04:58:14.584Z] > git for-each-ref --sort -committerdate --format %(refname) %(objectname) %(*objectname) [6ms]
[2022-08-22T04:58:14.585Z] > git remote --verbose [1ms]
[2022-08-22T04:58:14.593Z] > git config --get commit.template [1ms]
[2022-08-22T04:58:33.409Z] > git symbolic-ref --short HEAD [2ms]
[2022-08-22T04:58:33.419Z] > git for-each-ref --format=%(refname)%00%(upstream:short)%00%(objectname)%00%(upstream:track) refs/heads/main refs/remotes/main [3ms]
[2022-08-22T04:58:33.434Z] > git for-each-ref --sort -committerdate --format %(refname) %(objectname) %(*objectname) [8ms]
[2022-08-22T04:58:33.435Z] > git remote --verbose [2ms]
[2022-08-22T04:58:33.445Z] > git config --get commit.template [1ms]
[2022-08-22T04:58:38.471Z] > git symbolic-ref --short HEAD [1ms]
[2022-08-22T04:58:38.478Z] > git for-each-ref --format=%(refname)%00%(upstream:short)%00%(objectname)%00%(upstream:track) refs/heads/main refs/remotes/main [1ms]
[2022-08-22T04:58:38.491Z] > git for-each-ref --sort -committerdate --format %(refname) %(objectname) %(*objectname) [7ms]
[2022-08-22T04:58:38.492Z] > git remote --verbose [2ms]
[2022-08-22T04:58:38.501Z] > git config --get commit.template [2ms]
[2022-08-22T04:58:39.874Z] > git ls-files --stage -- /var/www/html/officework/Stackoet/index.html [57ms]
[2022-08-22T04:58:39.944Z] > git cat-file -s 4bdd22a649cef248bfee941971e9d2e7e3e38d90 [32ms]
[2022-08-22T04:58:43.529Z] > git symbolic-ref --short HEAD [2ms]
[2022-08-22T04:58:43.538Z] > git for-each-ref --format=%(refname)%00%(upstream:short)%00%(objectname)%00%(upstream:track) refs/heads/main refs/remotes/main [2ms]
[2022-08-22T04:58:43.551Z] > git for-each-ref --sort -committerdate --format %(refname) %(objectname) %(*objectname) [7ms]
[2022-08-22T04:58:43.551Z] > git remote --verbose [1ms]
[2022-08-22T04:58:43.565Z] > git config --get commit.template [1ms]
[2022-08-22T04:58:48.597Z] > git symbolic-ref --short HEAD [2ms]
[2022-08-22T04:58:48.605Z] > git for-each-ref --format=%(refname)%00%(upstream:short)%00%(objectname)%00%(upstream:track) refs/heads/main refs/remotes/main [1ms]
[2022-08-22T04:58:48.618Z] > git for-each-ref --sort -committerdate --format %(refname) %(objectname) %(*objectname) [8ms]
[2022-08-22T04:58:48.619Z] > git remote --verbose [2ms]
[2022-08-22T04:58:48.641Z] > git config --get commit.template [7ms]
[2022-08-22T04:59:06.196Z] > git symbolic-ref --short HEAD [2ms]
[2022-08-22T04:59:06.204Z] > git for-each-ref --format=%(refname)%00%(upstream:short)%00%(objectname)%00%(upstream:track) refs/heads/main refs/remotes/main [1ms]
[2022-08-22T04:59:06.219Z] > git for-each-ref --sort -committerdate --format %(refname) %(objectname) %(*objectname) [7ms]
[2022-08-22T04:59:06.220Z] > git remote --verbose [2ms]
[2022-08-22T04:59:06.233Z] > git config --get commit.template [2ms]
[2022-08-22T04:59:08.155Z] > git ls-files --stage -- /var/www/html/officework/Stackoet/assets/style/style.css [2ms]
[2022-08-22T04:59:08.162Z] > git cat-file -s 836dc66f0b6da786e06201683d8ab62edd978e0e [1ms]
[2022-08-22T04:59:11.260Z] > git symbolic-ref --short HEAD [2ms]
[2022-08-22T04:59:11.268Z] > git for-each-ref --format=%(refname)%00%(upstream:short)%00%(objectname)%00%(upstream:track) refs/heads/main refs/remotes/main [2ms]
[2022-08-22T04:59:11.284Z] > git for-each-ref --sort -committerdate --format %(refname) %(objectname) %(*objectname) [8ms]
[2022-08-22T04:59:11.284Z] > git remote --verbose [2ms]
[2022-08-22T04:59:11.293Z] > git config --get commit.template [1ms]
[2022-08-22T04:59:16.322Z] > git symbolic-ref --short HEAD [3ms]
[2022-08-22T04:59:16.330Z] > git for-each-ref --format=%(refname)%00%(upstream:short)%00%(objectname)%00%(upstream:track) refs/heads/main refs/remotes/main [1ms]
[2022-08-22T04:59:16.348Z] > git for-each-ref --sort -committerdate --format %(refname) %(objectname) %(*objectname) [7ms]
[2022-08-22T04:59:16.349Z] > git remote --verbose [2ms]
[2022-08-22T04:59:16.361Z] > git config --get commit.template [2ms]
[2022-08-22T04:59:16.724Z] > git ls-files --stage -- /var/www/html/officework/Stackoet/index.html [8ms]
[2022-08-22T04:59:16.736Z] > git cat-file -s 4bdd22a649cef248bfee941971e9d2e7e3e38d90 [3ms]
[2022-08-22T04:59:21.392Z] > git symbolic-ref --short HEAD [1ms]
[2022-08-22T04:59:21.400Z] > git for-each-ref --format=%(refname)%00%(upstream:short)%00%(objectname)%00%(upstream:track) refs/heads/main refs/remotes/main [1ms]
[2022-08-22T04:59:21.417Z] > git for-each-ref --sort -committerdate --format %(refname) %(objectname) %(*objectname) [9ms]
[2022-08-22T04:59:21.418Z] > git remote --verbose [2ms]
[2022-08-22T04:59:21.428Z] > git config --get commit.template [2ms]
[2022-08-22T04:59:55.471Z] > git symbolic-ref --short HEAD [2ms]
[2022-08-22T04:59:55.481Z] > git for-each-ref --format=%(refname)%00%(upstream:short)%00%(objectname)%00%(upstream:track) refs/heads/main refs/remotes/main [3ms]
[2022-08-22T04:59:55.510Z] > git for-each-ref --sort -committerdate --format %(refname) %(objectname) %(*objectname) [20ms]
[2022-08-22T04:59:55.514Z] > git remote --verbose [5ms]
[2022-08-22T04:59:55.529Z] > git config --get commit.template [4ms]
[2022-08-22T05:00:00.563Z] > git symbolic-ref --short HEAD [2ms]
[2022-08-22T05:00:00.578Z] > git for-each-ref --format=%(refname)%00%(upstream:short)%00%(objectname)%00%(upstream:track) refs/heads/main refs/remotes/main [3ms]
[2022-08-22T05:00:00.598Z] > git for-each-ref --sort -committerdate --format %(refname) %(objectname) %(*objectname) [11ms]
[2022-08-22T05:00:00.598Z] > git remote --verbose [4ms]
[2022-08-22T05:00:00.607Z] > git config --get commit.template [1ms]
[2022-08-22T05:01:17.094Z] > git symbolic-ref --short HEAD [2ms]
[2022-08-22T05:01:17.102Z] > git for-each-ref --format=%(refname)%00%(upstream:short)%00%(objectname)%00%(upstream:track) refs/heads/main refs/remotes/main [2ms]
[2022-08-22T05:01:17.122Z] > git for-each-ref --sort -committerdate --format %(refname) %(objectname) %(*objectname) [12ms]
[2022-08-22T05:01:17.122Z] > git remote --verbose [2ms]
[2022-08-22T05:01:17.134Z] > git config --get commit.template [1ms]
[2022-08-22T05:01:22.165Z] > git symbolic-ref --short HEAD [1ms]
[2022-08-22T05:01:22.172Z] > git for-each-ref --format=%(refname)%00%(upstream:short)%00%(objectname)%00%(upstream:track) refs/heads/main refs/remotes/main [2ms]
[2022-08-22T05:01:22.184Z] > git for-each-ref --sort -committerdate --format %(refname) %(objectname) %(*objectname) [7ms]
[2022-08-22T05:01:22.184Z] > git remote --verbose [1ms]
[2022-08-22T05:01:22.194Z] > git config --get commit.template [1ms]
[2022-08-22T05:05:16.097Z] > git symbolic-ref --short HEAD [2ms]
[2022-08-22T05:05:16.115Z] > git for-each-ref --format=%(refname)%00%(upstream:short)%00%(objectname)%00%(upstream:track) refs/heads/main refs/remotes/main [6ms]
[2022-08-22T05:05:16.133Z] > git for-each-ref --sort -committerdate --format %(refname) %(objectname) %(*objectname) [9ms]
[2022-08-22T05:05:16.134Z] > git remote --verbose [3ms]
[2022-08-22T05:05:16.147Z] > git config --get commit.template [4ms]
[2022-08-22T05:05:21.185Z] > git symbolic-ref --short HEAD [2ms]
[2022-08-22T05:05:21.194Z] > git for-each-ref --format=%(refname)%00%(upstream:short)%00%(objectname)%00%(upstream:track) refs/heads/main refs/remotes/main [1ms]
[2022-08-22T05:05:21.211Z] > git for-each-ref --sort -committerdate --format %(refname) %(objectname) %(*objectname) [7ms]
[2022-08-22T05:05:21.212Z] > git remote --verbose [2ms]
[2022-08-22T05:05:21.226Z] > git config --get commit.template [1ms]
[2022-08-22T05:05:26.256Z] > git symbolic-ref --short HEAD [2ms]
[2022-08-22T05:05:26.264Z] > git for-each-ref --format=%(refname)%00%(upstream:short)%00%(objectname)%00%(upstream:track) refs/heads/main refs/remotes/main [2ms]
[2022-08-22T05:05:26.277Z] > git for-each-ref --sort -committerdate --format %(refname) %(objectname) %(*objectname) [6ms]
[2022-08-22T05:05:26.278Z] > git remote --verbose [1ms]
[2022-08-22T05:05:26.288Z] > git config --get commit.template [1ms]
[2022-08-22T05:05:31.317Z] > git symbolic-ref --short HEAD [2ms]
[2022-08-22T05:05:31.324Z] > git for-each-ref --format=%(refname)%00%(upstream:short)%00%(objectname)%00%(upstream:track) refs/heads/main refs/remotes/main [1ms]
[2022-08-22T05:05:31.338Z] > git for-each-ref --sort -committerdate --format %(refname) %(objectname) %(*objectname) [8ms]
[2022-08-22T05:05:31.339Z] > git remote --verbose [2ms]
[2022-08-22T05:05:31.347Z] > git config --get commit.template [1ms]
[2022-08-22T05:05:36.375Z] > git symbolic-ref --short HEAD [1ms]
[2022-08-22T05:05:36.385Z] > git for-each-ref --format=%(refname)%00%(upstream:short)%00%(objectname)%00%(upstream:track) refs/heads/main refs/remotes/main [2ms]
[2022-08-22T05:05:36.399Z] > git for-each-ref --sort -committerdate --format %(refname) %(objectname) %(*objectname) [8ms]
[2022-08-22T05:05:36.400Z] > git remote --verbose [3ms]
[2022-08-22T05:05:36.412Z] > git config --get commit.template [2ms]
[2022-08-22T05:05:41.440Z] > git symbolic-ref --short HEAD [2ms]
[2022-08-22T05:05:41.448Z] > git for-each-ref --format=%(refname)%00%(upstream:short)%00%(objectname)%00%(upstream:track) refs/heads/main refs/remotes/main [2ms]
[2022-08-22T05:05:41.463Z] > git for-each-ref --sort -committerdate --format %(refname) %(objectname) %(*objectname) [8ms]
[2022-08-22T05:05:41.463Z] > git remote --verbose [1ms]
[2022-08-22T05:05:41.474Z] > git config --get commit.template [1ms]
[2022-08-22T05:05:46.503Z] > git symbolic-ref --short HEAD [1ms]
[2022-08-22T05:05:46.511Z] > git for-each-ref --format=%(refname)%00%(upstream:short)%00%(objectname)%00%(upstream:track) refs/heads/main refs/remotes/main [2ms]
[2022-08-22T05:05:46.525Z] > git for-each-ref --sort -committerdate --format %(refname) %(objectname) %(*objectname) [7ms]
[2022-08-22T05:05:46.526Z] > git remote --verbose [2ms]
[2022-08-22T05:05:46.538Z] > git config --get commit.template [2ms]
[2022-08-22T05:05:51.569Z] > git symbolic-ref --short HEAD [2ms]
[2022-08-22T05:05:51.577Z] > git for-each-ref --format=%(refname)%00%(upstream:short)%00%(objectname)%00%(upstream:track) refs/heads/main refs/remotes/main [1ms]
[2022-08-22T05:05:51.591Z] > git for-each-ref --sort -committerdate --format %(refname) %(objectname) %(*objectname) [7ms]
[2022-08-22T05:05:51.591Z] > git remote --verbose [1ms]
[2022-08-22T05:05:51.602Z] > git config --get commit.template [2ms]
[2022-08-22T05:05:56.627Z] > git symbolic-ref --short HEAD [1ms]
[2022-08-22T05:05:56.634Z] > git for-each-ref --format=%(refname)%00%(upstream:short)%00%(objectname)%00%(upstream:track) refs/heads/main refs/remotes/main [2ms]
[2022-08-22T05:05:56.646Z] > git for-each-ref --sort -committerdate --format %(refname) %(objectname) %(*objectname) [7ms]
[2022-08-22T05:05:56.647Z] > git remote --verbose [1ms]
[2022-08-22T05:05:56.656Z] > git config --get commit.template [1ms]
[2022-08-22T05:06:01.683Z] > git symbolic-ref --short HEAD [2ms]
[2022-08-22T05:06:01.691Z] > git for-each-ref --format=%(refname)%00%(upstream:short)%00%(objectname)%00%(upstream:track) refs/heads/main refs/remotes/main [2ms]
[2022-08-22T05:06:01.705Z] > git for-each-ref --sort -committerdate --format %(refname) %(objectname) %(*objectname) [7ms]
[2022-08-22T05:06:01.706Z] > git remote --verbose [2ms]
[2022-08-22T05:06:01.716Z] > git config --get commit.template [1ms]
[2022-08-22T05:06:06.742Z] > git symbolic-ref --short HEAD [2ms]
[2022-08-22T05:06:06.751Z] > git for-each-ref --format=%(refname)%00%(upstream:short)%00%(objectname)%00%(upstream:track) refs/heads/main refs/remotes/main [2ms]
[2022-08-22T05:06:06.766Z] > git for-each-ref --sort -committerdate --format %(refname) %(objectname) %(*objectname) [10ms]
[2022-08-22T05:06:06.766Z] > git remote --verbose [2ms]
[2022-08-22T05:06:06.779Z] > git config --get commit.template [3ms]
[2022-08-22T05:06:11.811Z] > git symbolic-ref --short HEAD [3ms]
[2022-08-22T05:06:11.823Z] > git for-each-ref --format=%(refname)%00%(upstream:short)%00%(objectname)%00%(upstream:track) refs/heads/main refs/remotes/main [1ms]
[2022-08-22T05:06:11.841Z] > git for-each-ref --sort -committerdate --format %(refname) %(objectname) %(*objectname) [7ms]
[2022-08-22T05:06:11.842Z] > git remote --verbose [2ms]
[2022-08-22T05:06:11.855Z] > git config --get commit.template [1ms]
[2022-08-22T05:08:02.861Z] > git symbolic-ref --short HEAD [2ms]
[2022-08-22T05:08:02.872Z] > git for-each-ref --format=%(refname)%00%(upstream:short)%00%(objectname)%00%(upstream:track) refs/heads/main refs/remotes/main [2ms]
[2022-08-22T05:08:02.891Z] > git for-each-ref --sort -committerdate --format %(refname) %(objectname) %(*objectname) [11ms]
[2022-08-22T05:08:02.891Z] > git remote --verbose [1ms]
[2022-08-22T05:08:02.905Z] > git config --get commit.template [1ms]
[2022-08-22T05:08:07.931Z] > git symbolic-ref --short HEAD [2ms]
[2022-08-22T05:08:07.939Z] > git for-each-ref --format=%(refname)%00%(upstream:short)%00%(objectname)%00%(upstream:track) refs/heads/main refs/remotes/main [2ms]
[2022-08-22T05:08:07.955Z] > git for-each-ref --sort -committerdate --format %(refname) %(objectname) %(*objectname) [9ms]
[2022-08-22T05:08:07.956Z] > git remote --verbose [3ms]
[2022-08-22T05:08:07.965Z] > git config --get commit.template [1ms]
[2022-08-22T05:08:12.993Z] > git symbolic-ref --short HEAD [1ms]
[2022-08-22T05:08:13.000Z] > git for-each-ref --format=%(refname)%00%(upstream:short)%00%(objectname)%00%(upstream:track) refs/heads/main refs/remotes/main [1ms]
[2022-08-22T05:08:13.012Z] > git for-each-ref --sort -committerdate --format %(refname) %(objectname) %(*objectname) [6ms]
[2022-08-22T05:08:13.013Z] > git remote --verbose [2ms]
[2022-08-22T05:08:13.022Z] > git config --get commit.template [2ms]
[2022-08-22T05:08:18.050Z] > git symbolic-ref --short HEAD [2ms]
[2022-08-22T05:08:18.057Z] > git for-each-ref --format=%(refname)%00%(upstream:short)%00%(objectname)%00%(upstream:track) refs/heads/main refs/remotes/main [2ms]
[2022-08-22T05:08:18.069Z] > git for-each-ref --sort -committerdate --format %(refname) %(objectname) %(*objectname) [6ms]
[2022-08-22T05:08:18.070Z] > git remote --verbose [1ms]
[2022-08-22T05:08:18.080Z] > git config --get commit.template [2ms]
[2022-08-22T05:08:23.108Z] > git symbolic-ref --short HEAD [2ms]
[2022-08-22T05:08:23.121Z] > git for-each-ref --format=%(refname)%00%(upstream:short)%00%(objectname)%00%(upstream:track) refs/heads/main refs/remotes/main [4ms]
[2022-08-22T05:08:23.138Z] > git for-each-ref --sort -committerdate --format %(refname) %(objectname) %(*objectname) [9ms]
[2022-08-22T05:08:23.139Z] > git remote --verbose [2ms]
[2022-08-22T05:08:23.153Z] > git config --get commit.template [4ms]
[2022-08-22T05:08:28.193Z] > git symbolic-ref --short HEAD [3ms]
[2022-08-22T05:08:28.206Z] > git for-each-ref --format=%(refname)%00%(upstream:short)%00%(objectname)%00%(upstream:track) refs/heads/main refs/remotes/main [3ms]
[2022-08-22T05:08:28.223Z] > git for-each-ref --sort -committerdate --format %(refname) %(objectname) %(*objectname) [8ms]
[2022-08-22T05:08:28.223Z] > git remote --verbose [1ms]
[2022-08-22T05:08:28.239Z] > git config --get commit.template [0ms]
[2022-08-22T05:08:33.269Z] > git symbolic-ref --short HEAD [1ms]
[2022-08-22T05:08:33.277Z] > git for-each-ref --format=%(refname)%00%(upstream:short)%00%(objectname)%00%(upstream:track) refs/heads/main refs/remotes/main [2ms]
[2022-08-22T05:08:33.289Z] > git for-each-ref --sort -committerdate --format %(refname) %(objectname) %(*objectname) [6ms]
[2022-08-22T05:08:33.290Z] > git remote --verbose [1ms]
[2022-08-22T05:08:33.299Z] > git config --get commit.template [2ms]
[2022-08-22T05:08:38.328Z] > git symbolic-ref --short HEAD [2ms]
[2022-08-22T05:08:38.337Z] > git for-each-ref --format=%(refname)%00%(upstream:short)%00%(objectname)%00%(upstream:track) refs/heads/main refs/remotes/main [2ms]
[2022-08-22T05:08:38.354Z] > git remote --verbose [2ms]
[2022-08-22T05:08:38.354Z] > git for-each-ref --sort -committerdate --format %(refname) %(objectname) %(*objectname) [9ms]
[2022-08-22T05:08:38.364Z] > git config --get commit.template [1ms]
[2022-08-22T05:08:43.394Z] > git symbolic-ref --short HEAD [2ms]
[2022-08-22T05:08:43.401Z] > git for-each-ref --format=%(refname)%00%(upstream:short)%00%(objectname)%00%(upstream:track) refs/heads/main refs/remotes/main [2ms]
[2022-08-22T05:08:43.414Z] > git for-each-ref --sort -committerdate --format %(refname) %(objectname) %(*objectname) [7ms]
[2022-08-22T05:08:43.414Z] > git remote --verbose [1ms]
[2022-08-22T05:08:43.422Z] > git config --get commit.template [1ms]
[2022-08-22T05:08:48.449Z] > git symbolic-ref --short HEAD [1ms]
[2022-08-22T05:08:48.456Z] > git for-each-ref --format=%(refname)%00%(upstream:short)%00%(objectname)%00%(upstream:track) refs/heads/main refs/remotes/main [2ms]
[2022-08-22T05:08:48.470Z] > git for-each-ref --sort -committerdate --format %(refname) %(objectname) %(*objectname) [7ms]
[2022-08-22T05:08:48.471Z] > git remote --verbose [1ms]
[2022-08-22T05:08:48.479Z] > git config --get commit.template [1ms]
[2022-08-22T05:08:53.504Z] > git symbolic-ref --short HEAD [3ms]
[2022-08-22T05:08:53.513Z] > git for-each-ref --format=%(refname)%00%(upstream:short)%00%(objectname)%00%(upstream:track) refs/heads/main refs/remotes/main [2ms]
[2022-08-22T05:08:53.528Z] > git for-each-ref --sort -committerdate --format %(refname) %(objectname) %(*objectname) [9ms]
[2022-08-22T05:08:53.528Z] > git remote --verbose [1ms]
[2022-08-22T05:08:53.539Z] > git config --get commit.template [2ms]
[2022-08-22T05:08:58.600Z] > git symbolic-ref --short HEAD [3ms]
[2022-08-22T05:08:58.612Z] > git for-each-ref --format=%(refname)%00%(upstream:short)%00%(objectname)%00%(upstream:track) refs/heads/main refs/remotes/main [3ms]
[2022-08-22T05:08:58.639Z] > git for-each-ref --sort -committerdate --format %(refname) %(objectname) %(*objectname) [16ms]
[2022-08-22T05:08:58.640Z] > git remote --verbose [7ms]
[2022-08-22T05:08:58.658Z] > git config --get commit.template [2ms]
[2022-08-22T05:09:03.693Z] > git symbolic-ref --short HEAD [2ms]
[2022-08-22T05:09:03.706Z] > git for-each-ref --format=%(refname)%00%(upstream:short)%00%(objectname)%00%(upstream:track) refs/heads/main refs/remotes/main [3ms]
[2022-08-22T05:09:03.726Z] > git for-each-ref --sort -committerdate --format %(refname) %(objectname) %(*objectname) [11ms]
[2022-08-22T05:09:03.726Z] > git remote --verbose [2ms]
[2022-08-22T05:09:03.737Z] > git config --get commit.template [2ms]
[2022-08-22T05:09:06.568Z] > git ls-files --stage -- /var/www/html/officework/Stackoet/assets/style/style.css [3ms]
[2022-08-22T05:09:06.579Z] > git cat-file -s 836dc66f0b6da786e06201683d8ab62edd978e0e [1ms]
[2022-08-22T05:09:08.769Z] > git symbolic-ref --short HEAD [2ms]
[2022-08-22T05:09:08.780Z] > git for-each-ref --format=%(refname)%00%(upstream:short)%00%(objectname)%00%(upstream:track) refs/heads/main refs/remotes/main [2ms]
[2022-08-22T05:09:08.797Z] > git for-each-ref --sort -committerdate --format %(refname) %(objectname) %(*objectname) [8ms]
[2022-08-22T05:09:08.798Z] > git remote --verbose [2ms]
[2022-08-22T05:09:08.809Z] > git config --get commit.template [1ms]
[2022-08-22T05:09:13.839Z] > git symbolic-ref --short HEAD [2ms]
[2022-08-22T05:09:13.847Z] > git for-each-ref --format=%(refname)%00%(upstream:short)%00%(objectname)%00%(upstream:track) refs/heads/main refs/remotes/main [2ms]
[2022-08-22T05:09:13.861Z] > git for-each-ref --sort -committerdate --format %(refname) %(objectname) %(*objectname) [8ms]
[2022-08-22T05:09:13.862Z] > git remote --verbose [2ms]
[2022-08-22T05:09:13.873Z] > git config --get commit.template [1ms]
[2022-08-22T05:09:18.905Z] > git symbolic-ref --short HEAD [2ms]
[2022-08-22T05:09:18.915Z] > git for-each-ref --format=%(refname)%00%(upstream:short)%00%(objectname)%00%(upstream:track) refs/heads/main refs/remotes/main [2ms]
[2022-08-22T05:09:18.930Z] > git for-each-ref --sort -committerdate --format %(refname) %(objectname) %(*objectname) [7ms]
[2022-08-22T05:09:18.931Z] > git remote --verbose [1ms]
[2022-08-22T05:09:18.941Z] > git config --get commit.template [1ms]
[2022-08-22T05:09:23.975Z] > git symbolic-ref --short HEAD [1ms]
[2022-08-22T05:09:23.983Z] > git for-each-ref --format=%(refname)%00%(upstream:short)%00%(objectname)%00%(upstream:track) refs/heads/main refs/remotes/main [2ms]
[2022-08-22T05:09:23.998Z] > git remote --verbose [3ms]
[2022-08-22T05:09:23.998Z] > git for-each-ref --sort -committerdate --format %(refname) %(objectname) %(*objectname) [8ms]
[2022-08-22T05:09:24.007Z] > git config --get commit.template [1ms]
[2022-08-22T05:09:27.538Z] > git ls-files --stage -- /var/www/html/officework/Stackoet/index.html [3ms]
[2022-08-22T05:09:27.546Z] > git cat-file -s 4bdd22a649cef248bfee941971e9d2e7e3e38d90 [1ms]
[2022-08-22T05:09:29.033Z] > git symbolic-ref --short HEAD [1ms]
[2022-08-22T05:09:29.043Z] > git for-each-ref --format=%(refname)%00%(upstream:short)%00%(objectname)%00%(upstream:track) refs/heads/main refs/remotes/main [2ms]
[2022-08-22T05:09:29.058Z] > git for-each-ref --sort -committerdate --format %(refname) %(objectname) %(*objectname) [9ms]
[2022-08-22T05:09:29.058Z] > git remote --verbose [1ms]
[2022-08-22T05:09:29.070Z] > git config --get commit.template [2ms]
[2022-08-22T05:11:29.052Z] > git symbolic-ref --short HEAD [1ms]
[2022-08-22T05:11:29.061Z] > git for-each-ref --format=%(refname)%00%(upstream:short)%00%(objectname)%00%(upstream:track) refs/heads/main refs/remotes/main [2ms]
[2022-08-22T05:11:29.077Z] > git for-each-ref --sort -committerdate --format %(refname) %(objectname) %(*objectname) [9ms]
[2022-08-22T05:11:29.077Z] > git remote --verbose [2ms]
[2022-08-22T05:11:29.086Z] > git config --get commit.template [1ms]
[2022-08-22T05:11:34.121Z] > git symbolic-ref --short HEAD [2ms]
[2022-08-22T05:11:34.131Z] > git for-each-ref --format=%(refname)%00%(upstream:short)%00%(objectname)%00%(upstream:track) refs/heads/main refs/remotes/main [2ms]
[2022-08-22T05:11:34.147Z] > git for-each-ref --sort -committerdate --format %(refname) %(objectname) %(*objectname) [8ms]
[2022-08-22T05:11:34.148Z] > git remote --verbose [2ms]
[2022-08-22T05:11:34.159Z] > git config --get commit.template [1ms]
[2022-08-22T05:12:42.158Z] > git symbolic-ref --short HEAD [2ms]
[2022-08-22T05:12:42.169Z] > git for-each-ref --format=%(refname)%00%(upstream:short)%00%(objectname)%00%(upstream:track) refs/heads/main refs/remotes/main [2ms]
[2022-08-22T05:12:42.186Z] > git for-each-ref --sort -committerdate --format %(refname) %(objectname) %(*objectname) [8ms]
[2022-08-22T05:12:42.186Z] > git remote --verbose [1ms]
[2022-08-22T05:12:42.196Z] > git config --get commit.template [1ms]
[2022-08-22T05:12:47.223Z] > git symbolic-ref --short HEAD [1ms]
[2022-08-22T05:12:47.233Z] > git for-each-ref --format=%(refname)%00%(upstream:short)%00%(objectname)%00%(upstream:track) refs/heads/main refs/remotes/main [2ms]
[2022-08-22T05:12:47.247Z] > git for-each-ref --sort -committerdate --format %(refname) %(objectname) %(*objectname) [7ms]
[2022-08-22T05:12:47.248Z] > git remote --verbose [1ms]
[2022-08-22T05:12:47.261Z] > git config --get commit.template [1ms]
