[2022-08-18T05:29:34.264Z] Validating found git in: git
[2022-08-18T05:29:34.307Z] Using git 2.25.1 from git
[2022-08-18T05:29:34.969Z] > git rev-parse --git-dir [606ms]
[2022-08-18T05:29:34.976Z] Open repository: /var/www/html/officework/Stackoet
[2022-08-18T05:29:35.059Z] > git symbolic-ref --short HEAD [4ms]
[2022-08-18T05:29:35.068Z] > git for-each-ref --format=%(refname)%00%(upstream:short)%00%(objectname)%00%(upstream:track) refs/heads/main refs/remotes/main [4ms]
[2022-08-18T05:29:35.101Z] > git for-each-ref --sort -committerdate --format %(refname) %(objectname) %(*objectname) [25ms]
[2022-08-18T05:29:35.102Z] > git remote --verbose [20ms]
[2022-08-18T05:29:35.113Z] > git config --get commit.template [2ms]
[2022-08-18T05:29:35.467Z] > git ls-files --stage -- /var/www/html/officework/Stackoet/token.txt [2ms]
[2022-08-18T05:29:35.473Z] > git cat-file -s 13b92eb145aad9f682597723ee8942ef156cec05 [2ms]
[2022-08-18T05:29:36.643Z] > git symbolic-ref --short HEAD [1ms]
[2022-08-18T05:29:36.649Z] > git for-each-ref --format=%(refname)%00%(upstream:short)%00%(objectname)%00%(upstream:track) refs/heads/main refs/remotes/main [2ms]
[2022-08-18T05:29:36.662Z] > git for-each-ref --sort -committerdate --format %(refname) %(objectname) %(*objectname) [6ms]
[2022-08-18T05:29:36.663Z] > git remote --verbose [2ms]
[2022-08-18T05:29:36.672Z] > git config --get commit.template [1ms]
[2022-08-18T05:29:41.698Z] > git symbolic-ref --short HEAD [2ms]
[2022-08-18T05:29:41.704Z] > git for-each-ref --format=%(refname)%00%(upstream:short)%00%(objectname)%00%(upstream:track) refs/heads/main refs/remotes/main [2ms]
[2022-08-18T05:29:41.715Z] > git for-each-ref --sort -committerdate --format %(refname) %(objectname) %(*objectname) [7ms]
[2022-08-18T05:29:41.716Z] > git remote --verbose [2ms]
[2022-08-18T05:29:41.725Z] > git config --get commit.template [1ms]
[2022-08-18T05:30:37.115Z] > git symbolic-ref --short HEAD [5ms]
[2022-08-18T05:30:37.130Z] > git for-each-ref --format=%(refname)%00%(upstream:short)%00%(objectname)%00%(upstream:track) refs/heads/main refs/remotes/main [8ms]
[2022-08-18T05:30:37.148Z] > git remote --verbose [4ms]
[2022-08-18T05:30:37.149Z] > git for-each-ref --sort -committerdate --format %(refname) %(objectname) %(*objectname) [13ms]
[2022-08-18T05:30:37.169Z] > git config --get commit.template [1ms]
[2022-08-18T05:30:42.203Z] > git symbolic-ref --short HEAD [4ms]
[2022-08-18T05:30:42.213Z] > git for-each-ref --format=%(refname)%00%(upstream:short)%00%(objectname)%00%(upstream:track) refs/heads/main refs/remotes/main [3ms]
[2022-08-18T05:30:42.231Z] > git for-each-ref --sort -committerdate --format %(refname) %(objectname) %(*objectname) [11ms]
[2022-08-18T05:30:42.235Z] > git remote --verbose [5ms]
[2022-08-18T05:30:42.251Z] > git config --get commit.template [4ms]
[2022-08-18T05:30:53.391Z] > git symbolic-ref --short HEAD [7ms]
[2022-08-18T05:30:53.404Z] > git for-each-ref --format=%(refname)%00%(upstream:short)%00%(objectname)%00%(upstream:track) refs/heads/main refs/remotes/main [5ms]
[2022-08-18T05:30:53.425Z] > git remote --verbose [4ms]
[2022-08-18T05:30:53.426Z] > git for-each-ref --sort -committerdate --format %(refname) %(objectname) %(*objectname) [14ms]
[2022-08-18T05:30:53.442Z] > git config --get commit.template [2ms]
[2022-08-18T05:30:58.479Z] > git symbolic-ref --short HEAD [4ms]
[2022-08-18T05:30:58.492Z] > git for-each-ref --format=%(refname)%00%(upstream:short)%00%(objectname)%00%(upstream:track) refs/heads/main refs/remotes/main [3ms]
[2022-08-18T05:30:58.510Z] > git for-each-ref --sort -committerdate --format %(refname) %(objectname) %(*objectname) [12ms]
[2022-08-18T05:30:58.521Z] > git remote --verbose [13ms]
[2022-08-18T05:30:58.543Z] > git config --get commit.template [3ms]
[2022-08-18T05:31:02.092Z] > git ls-files --stage -- /var/www/html/officework/Stackoet/index.html [109ms]
[2022-08-18T05:31:02.107Z] > git cat-file -s 41004a2cb0bab8b9ad31a80527588b2870889520 [5ms]
[2022-08-18T05:31:03.594Z] > git symbolic-ref --short HEAD [10ms]
[2022-08-18T05:31:03.626Z] > git for-each-ref --format=%(refname)%00%(upstream:short)%00%(objectname)%00%(upstream:track) refs/heads/main refs/remotes/main [16ms]
[2022-08-18T05:31:03.674Z] > git for-each-ref --sort -committerdate --format %(refname) %(objectname) %(*objectname) [18ms]
[2022-08-18T05:31:03.679Z] > git remote --verbose [7ms]
[2022-08-18T05:31:03.744Z] > git config --get commit.template [5ms]
[2022-08-18T05:34:36.474Z] > git symbolic-ref --short HEAD [2ms]
[2022-08-18T05:34:36.485Z] > git for-each-ref --format=%(refname)%00%(upstream:short)%00%(objectname)%00%(upstream:track) refs/heads/main refs/remotes/main [3ms]
[2022-08-18T05:34:36.502Z] > git for-each-ref --sort -committerdate --format %(refname) %(objectname) %(*objectname) [8ms]
[2022-08-18T05:34:36.503Z] > git remote --verbose [3ms]
[2022-08-18T05:34:36.513Z] > git config --get commit.template [2ms]
[2022-08-18T05:34:38.661Z] > git ls-files --stage -- /var/www/html/officework/Stackoet/assets/style/style.css [17ms]
[2022-08-18T05:34:38.670Z] > git cat-file -s 276b2291eeb95675171b08678aeed3f4192b0d37 [2ms]
[2022-08-18T05:34:41.542Z] > git symbolic-ref --short HEAD [2ms]
[2022-08-18T05:34:41.547Z] > git for-each-ref --format=%(refname)%00%(upstream:short)%00%(objectname)%00%(upstream:track) refs/heads/main refs/remotes/main [1ms]
[2022-08-18T05:34:41.559Z] > git for-each-ref --sort -committerdate --format %(refname) %(objectname) %(*objectname) [6ms]
[2022-08-18T05:34:41.559Z] > git remote --verbose [1ms]
[2022-08-18T05:34:41.568Z] > git config --get commit.template [2ms]
[2022-08-18T05:34:46.594Z] > git symbolic-ref --short HEAD [1ms]
[2022-08-18T05:34:46.601Z] > git for-each-ref --format=%(refname)%00%(upstream:short)%00%(objectname)%00%(upstream:track) refs/heads/main refs/remotes/main [2ms]
[2022-08-18T05:34:46.614Z] > git for-each-ref --sort -committerdate --format %(refname) %(objectname) %(*objectname) [7ms]
[2022-08-18T05:34:46.614Z] > git remote --verbose [1ms]
[2022-08-18T05:34:46.625Z] > git config --get commit.template [3ms]
[2022-08-18T05:34:51.651Z] > git symbolic-ref --short HEAD [1ms]
[2022-08-18T05:34:51.665Z] > git for-each-ref --format=%(refname)%00%(upstream:short)%00%(objectname)%00%(upstream:track) refs/heads/main refs/remotes/main [9ms]
[2022-08-18T05:34:51.681Z] > git for-each-ref --sort -committerdate --format %(refname) %(objectname) %(*objectname) [7ms]
[2022-08-18T05:34:51.683Z] > git remote --verbose [4ms]
[2022-08-18T05:34:51.691Z] > git config --get commit.template [1ms]
[2022-08-18T05:34:56.715Z] > git symbolic-ref --short HEAD [2ms]
[2022-08-18T05:34:56.721Z] > git for-each-ref --format=%(refname)%00%(upstream:short)%00%(objectname)%00%(upstream:track) refs/heads/main refs/remotes/main [1ms]
[2022-08-18T05:34:56.734Z] > git for-each-ref --sort -committerdate --format %(refname) %(objectname) %(*objectname) [6ms]
[2022-08-18T05:34:56.734Z] > git remote --verbose [1ms]
[2022-08-18T05:34:56.743Z] > git config --get commit.template [1ms]
[2022-08-18T05:36:10.724Z] > git symbolic-ref --short HEAD [1ms]
[2022-08-18T05:36:10.732Z] > git for-each-ref --format=%(refname)%00%(upstream:short)%00%(objectname)%00%(upstream:track) refs/heads/main refs/remotes/main [2ms]
[2022-08-18T05:36:10.749Z] > git remote --verbose [2ms]
[2022-08-18T05:36:10.750Z] > git for-each-ref --sort -committerdate --format %(refname) %(objectname) %(*objectname) [12ms]
[2022-08-18T05:36:10.771Z] > git config --get commit.template [1ms]
[2022-08-18T05:36:12.504Z] > git ls-files --stage -- /var/www/html/officework/Stackoet/index.html [1ms]
[2022-08-18T05:36:12.512Z] > git cat-file -s 41004a2cb0bab8b9ad31a80527588b2870889520 [2ms]
[2022-08-18T05:36:15.800Z] > git symbolic-ref --short HEAD [4ms]
[2022-08-18T05:36:15.807Z] > git for-each-ref --format=%(refname)%00%(upstream:short)%00%(objectname)%00%(upstream:track) refs/heads/main refs/remotes/main [1ms]
[2022-08-18T05:36:15.821Z] > git for-each-ref --sort -committerdate --format %(refname) %(objectname) %(*objectname) [7ms]
[2022-08-18T05:36:15.821Z] > git remote --verbose [1ms]
[2022-08-18T05:36:15.831Z] > git config --get commit.template [2ms]
[2022-08-18T05:36:20.857Z] > git symbolic-ref --short HEAD [1ms]
[2022-08-18T05:36:20.864Z] > git for-each-ref --format=%(refname)%00%(upstream:short)%00%(objectname)%00%(upstream:track) refs/heads/main refs/remotes/main [2ms]
[2022-08-18T05:36:20.876Z] > git for-each-ref --sort -committerdate --format %(refname) %(objectname) %(*objectname) [6ms]
[2022-08-18T05:36:20.877Z] > git remote --verbose [2ms]
[2022-08-18T05:36:20.888Z] > git config --get commit.template [2ms]
[2022-08-18T05:36:25.912Z] > git symbolic-ref --short HEAD [1ms]
[2022-08-18T05:36:25.918Z] > git for-each-ref --format=%(refname)%00%(upstream:short)%00%(objectname)%00%(upstream:track) refs/heads/main refs/remotes/main [1ms]
[2022-08-18T05:36:25.929Z] > git for-each-ref --sort -committerdate --format %(refname) %(objectname) %(*objectname) [6ms]
[2022-08-18T05:36:25.930Z] > git remote --verbose [2ms]
[2022-08-18T05:36:25.942Z] > git config --get commit.template [2ms]
[2022-08-18T05:36:30.964Z] > git symbolic-ref --short HEAD [1ms]
[2022-08-18T05:36:30.972Z] > git for-each-ref --format=%(refname)%00%(upstream:short)%00%(objectname)%00%(upstream:track) refs/heads/main refs/remotes/main [2ms]
[2022-08-18T05:36:30.983Z] > git for-each-ref --sort -committerdate --format %(refname) %(objectname) %(*objectname) [6ms]
[2022-08-18T05:36:30.983Z] > git remote --verbose [1ms]
[2022-08-18T05:36:30.993Z] > git config --get commit.template [1ms]
[2022-08-18T05:36:36.019Z] > git symbolic-ref --short HEAD [1ms]
[2022-08-18T05:36:36.026Z] > git for-each-ref --format=%(refname)%00%(upstream:short)%00%(objectname)%00%(upstream:track) refs/heads/main refs/remotes/main [1ms]
[2022-08-18T05:36:36.040Z] > git for-each-ref --sort -committerdate --format %(refname) %(objectname) %(*objectname) [7ms]
[2022-08-18T05:36:36.041Z] > git remote --verbose [1ms]
[2022-08-18T05:36:36.050Z] > git config --get commit.template [2ms]
[2022-08-18T05:38:48.886Z] > git symbolic-ref --short HEAD [1ms]
[2022-08-18T05:38:48.898Z] > git for-each-ref --format=%(refname)%00%(upstream:short)%00%(objectname)%00%(upstream:track) refs/heads/main refs/remotes/main [2ms]
[2022-08-18T05:38:48.912Z] > git for-each-ref --sort -committerdate --format %(refname) %(objectname) %(*objectname) [8ms]
[2022-08-18T05:38:48.912Z] > git remote --verbose [3ms]
[2022-08-18T05:38:48.926Z] > git config --get commit.template [2ms]
[2022-08-18T05:38:53.951Z] > git symbolic-ref --short HEAD [2ms]
[2022-08-18T05:38:53.957Z] > git for-each-ref --format=%(refname)%00%(upstream:short)%00%(objectname)%00%(upstream:track) refs/heads/main refs/remotes/main [1ms]
[2022-08-18T05:38:53.969Z] > git for-each-ref --sort -committerdate --format %(refname) %(objectname) %(*objectname) [5ms]
[2022-08-18T05:38:53.970Z] > git remote --verbose [1ms]
[2022-08-18T05:38:53.978Z] > git config --get commit.template [2ms]
[2022-08-18T05:38:59.005Z] > git symbolic-ref --short HEAD [1ms]
[2022-08-18T05:38:59.011Z] > git for-each-ref --format=%(refname)%00%(upstream:short)%00%(objectname)%00%(upstream:track) refs/heads/main refs/remotes/main [1ms]
[2022-08-18T05:38:59.023Z] > git for-each-ref --sort -committerdate --format %(refname) %(objectname) %(*objectname) [7ms]
[2022-08-18T05:38:59.024Z] > git remote --verbose [2ms]
[2022-08-18T05:38:59.032Z] > git config --get commit.template [2ms]
[2022-08-18T05:39:04.056Z] > git symbolic-ref --short HEAD [1ms]
[2022-08-18T05:39:04.064Z] > git for-each-ref --format=%(refname)%00%(upstream:short)%00%(objectname)%00%(upstream:track) refs/heads/main refs/remotes/main [2ms]
[2022-08-18T05:39:04.076Z] > git for-each-ref --sort -committerdate --format %(refname) %(objectname) %(*objectname) [6ms]
[2022-08-18T05:39:04.077Z] > git remote --verbose [2ms]
[2022-08-18T05:39:04.085Z] > git config --get commit.template [1ms]
[2022-08-18T05:39:09.114Z] > git symbolic-ref --short HEAD [1ms]
[2022-08-18T05:39:09.121Z] > git for-each-ref --format=%(refname)%00%(upstream:short)%00%(objectname)%00%(upstream:track) refs/heads/main refs/remotes/main [2ms]
[2022-08-18T05:39:09.133Z] > git for-each-ref --sort -committerdate --format %(refname) %(objectname) %(*objectname) [7ms]
[2022-08-18T05:39:09.133Z] > git remote --verbose [1ms]
[2022-08-18T05:39:09.143Z] > git config --get commit.template [2ms]
[2022-08-18T05:39:33.608Z] > git symbolic-ref --short HEAD [1ms]
[2022-08-18T05:39:33.616Z] > git for-each-ref --format=%(refname)%00%(upstream:short)%00%(objectname)%00%(upstream:track) refs/heads/main refs/remotes/main [2ms]
[2022-08-18T05:39:33.628Z] > git for-each-ref --sort -committerdate --format %(refname) %(objectname) %(*objectname) [6ms]
[2022-08-18T05:39:33.628Z] > git remote --verbose [1ms]
[2022-08-18T05:39:33.637Z] > git config --get commit.template [1ms]
[2022-08-18T05:39:38.663Z] > git symbolic-ref --short HEAD [2ms]
[2022-08-18T05:39:38.671Z] > git for-each-ref --format=%(refname)%00%(upstream:short)%00%(objectname)%00%(upstream:track) refs/heads/main refs/remotes/main [2ms]
[2022-08-18T05:39:38.682Z] > git for-each-ref --sort -committerdate --format %(refname) %(objectname) %(*objectname) [6ms]
[2022-08-18T05:39:38.683Z] > git remote --verbose [2ms]
[2022-08-18T05:39:38.693Z] > git config --get commit.template [3ms]
[2022-08-18T05:39:55.399Z] > git symbolic-ref --short HEAD [2ms]
[2022-08-18T05:39:55.407Z] > git for-each-ref --format=%(refname)%00%(upstream:short)%00%(objectname)%00%(upstream:track) refs/heads/main refs/remotes/main [2ms]
[2022-08-18T05:39:55.420Z] > git for-each-ref --sort -committerdate --format %(refname) %(objectname) %(*objectname) [7ms]
[2022-08-18T05:39:55.421Z] > git remote --verbose [2ms]
[2022-08-18T05:39:55.433Z] > git config --get commit.template [3ms]
[2022-08-18T05:40:00.455Z] > git symbolic-ref --short HEAD [1ms]
[2022-08-18T05:40:00.462Z] > git for-each-ref --format=%(refname)%00%(upstream:short)%00%(objectname)%00%(upstream:track) refs/heads/main refs/remotes/main [2ms]
[2022-08-18T05:40:00.472Z] > git for-each-ref --sort -committerdate --format %(refname) %(objectname) %(*objectname) [6ms]
[2022-08-18T05:40:00.472Z] > git remote --verbose [1ms]
[2022-08-18T05:40:00.481Z] > git config --get commit.template [1ms]
[2022-08-18T05:40:05.507Z] > git symbolic-ref --short HEAD [2ms]
[2022-08-18T05:40:05.514Z] > git for-each-ref --format=%(refname)%00%(upstream:short)%00%(objectname)%00%(upstream:track) refs/heads/main refs/remotes/main [1ms]
[2022-08-18T05:40:05.525Z] > git for-each-ref --sort -committerdate --format %(refname) %(objectname) %(*objectname) [5ms]
[2022-08-18T05:40:05.526Z] > git remote --verbose [2ms]
[2022-08-18T05:40:05.536Z] > git config --get commit.template [2ms]
[2022-08-18T05:40:10.558Z] > git symbolic-ref --short HEAD [1ms]
[2022-08-18T05:40:10.564Z] > git for-each-ref --format=%(refname)%00%(upstream:short)%00%(objectname)%00%(upstream:track) refs/heads/main refs/remotes/main [1ms]
[2022-08-18T05:40:10.577Z] > git for-each-ref --sort -committerdate --format %(refname) %(objectname) %(*objectname) [7ms]
[2022-08-18T05:40:10.578Z] > git remote --verbose [2ms]
[2022-08-18T05:40:10.586Z] > git config --get commit.template [1ms]
[2022-08-18T05:40:13.259Z] > git ls-files --stage -- /var/www/html/officework/Stackoet/assets/style/style.css [1ms]
[2022-08-18T05:40:13.266Z] > git cat-file -s 276b2291eeb95675171b08678aeed3f4192b0d37 [2ms]
[2022-08-18T05:40:15.612Z] > git symbolic-ref --short HEAD [2ms]
[2022-08-18T05:40:15.619Z] > git for-each-ref --format=%(refname)%00%(upstream:short)%00%(objectname)%00%(upstream:track) refs/heads/main refs/remotes/main [2ms]
[2022-08-18T05:40:15.630Z] > git for-each-ref --sort -committerdate --format %(refname) %(objectname) %(*objectname) [6ms]
[2022-08-18T05:40:15.630Z] > git remote --verbose [1ms]
[2022-08-18T05:40:15.639Z] > git config --get commit.template [1ms]
[2022-08-18T05:40:20.664Z] > git symbolic-ref --short HEAD [1ms]
[2022-08-18T05:40:20.673Z] > git for-each-ref --format=%(refname)%00%(upstream:short)%00%(objectname)%00%(upstream:track) refs/heads/main refs/remotes/main [2ms]
[2022-08-18T05:40:20.683Z] > git for-each-ref --sort -committerdate --format %(refname) %(objectname) %(*objectname) [5ms]
[2022-08-18T05:40:20.684Z] > git remote --verbose [1ms]
[2022-08-18T05:40:20.694Z] > git config --get commit.template [2ms]
[2022-08-18T05:40:25.720Z] > git symbolic-ref --short HEAD [1ms]
[2022-08-18T05:40:25.727Z] > git for-each-ref --format=%(refname)%00%(upstream:short)%00%(objectname)%00%(upstream:track) refs/heads/main refs/remotes/main [2ms]
[2022-08-18T05:40:25.741Z] > git remote --verbose [2ms]
[2022-08-18T05:40:25.741Z] > git for-each-ref --sort -committerdate --format %(refname) %(objectname) %(*objectname) [9ms]
[2022-08-18T05:40:25.750Z] > git config --get commit.template [1ms]
[2022-08-18T05:40:26.658Z] > git ls-files --stage -- /var/www/html/officework/Stackoet/index.html [1ms]
[2022-08-18T05:40:26.665Z] > git cat-file -s 41004a2cb0bab8b9ad31a80527588b2870889520 [1ms]
[2022-08-18T05:40:30.775Z] > git symbolic-ref --short HEAD [1ms]
[2022-08-18T05:40:30.781Z] > git for-each-ref --format=%(refname)%00%(upstream:short)%00%(objectname)%00%(upstream:track) refs/heads/main refs/remotes/main [1ms]
[2022-08-18T05:40:30.793Z] > git for-each-ref --sort -committerdate --format %(refname) %(objectname) %(*objectname) [7ms]
[2022-08-18T05:40:30.794Z] > git remote --verbose [2ms]
[2022-08-18T05:40:30.802Z] > git config --get commit.template [2ms]
[2022-08-18T05:40:58.949Z] > git symbolic-ref --short HEAD [3ms]
[2022-08-18T05:40:58.959Z] > git for-each-ref --format=%(refname)%00%(upstream:short)%00%(objectname)%00%(upstream:track) refs/heads/main refs/remotes/main [2ms]
[2022-08-18T05:40:58.974Z] > git for-each-ref --sort -committerdate --format %(refname) %(objectname) %(*objectname) [8ms]
[2022-08-18T05:40:58.974Z] > git remote --verbose [1ms]
[2022-08-18T05:40:58.986Z] > git config --get commit.template [2ms]
[2022-08-18T05:41:01.205Z] > git ls-files --stage -- /var/www/html/officework/Stackoet/assets/style/style.css [2ms]
[2022-08-18T05:41:01.213Z] > git cat-file -s 276b2291eeb95675171b08678aeed3f4192b0d37 [3ms]
[2022-08-18T05:41:04.012Z] > git symbolic-ref --short HEAD [1ms]
[2022-08-18T05:41:04.021Z] > git for-each-ref --format=%(refname)%00%(upstream:short)%00%(objectname)%00%(upstream:track) refs/heads/main refs/remotes/main [2ms]
[2022-08-18T05:41:04.033Z] > git for-each-ref --sort -committerdate --format %(refname) %(objectname) %(*objectname) [7ms]
[2022-08-18T05:41:04.034Z] > git remote --verbose [2ms]
[2022-08-18T05:41:04.046Z] > git config --get commit.template [2ms]
[2022-08-18T05:41:09.069Z] > git symbolic-ref --short HEAD [1ms]
[2022-08-18T05:41:09.079Z] > git for-each-ref --format=%(refname)%00%(upstream:short)%00%(objectname)%00%(upstream:track) refs/heads/main refs/remotes/main [2ms]
[2022-08-18T05:41:09.095Z] > git for-each-ref --sort -committerdate --format %(refname) %(objectname) %(*objectname) [10ms]
[2022-08-18T05:41:09.095Z] > git remote --verbose [1ms]
[2022-08-18T05:41:09.106Z] > git config --get commit.template [2ms]
[2022-08-18T05:41:14.130Z] > git symbolic-ref --short HEAD [2ms]
[2022-08-18T05:41:14.137Z] > git for-each-ref --format=%(refname)%00%(upstream:short)%00%(objectname)%00%(upstream:track) refs/heads/main refs/remotes/main [2ms]
[2022-08-18T05:41:14.148Z] > git for-each-ref --sort -committerdate --format %(refname) %(objectname) %(*objectname) [6ms]
[2022-08-18T05:41:14.148Z] > git remote --verbose [2ms]
[2022-08-18T05:41:14.156Z] > git config --get commit.template [2ms]
[2022-08-18T05:41:19.181Z] > git symbolic-ref --short HEAD [1ms]
[2022-08-18T05:41:19.188Z] > git for-each-ref --format=%(refname)%00%(upstream:short)%00%(objectname)%00%(upstream:track) refs/heads/main refs/remotes/main [2ms]
[2022-08-18T05:41:19.200Z] > git for-each-ref --sort -committerdate --format %(refname) %(objectname) %(*objectname) [6ms]
[2022-08-18T05:41:19.201Z] > git remote --verbose [2ms]
[2022-08-18T05:41:19.210Z] > git config --get commit.template [1ms]
[2022-08-18T05:41:24.234Z] > git symbolic-ref --short HEAD [1ms]
[2022-08-18T05:41:24.242Z] > git for-each-ref --format=%(refname)%00%(upstream:short)%00%(objectname)%00%(upstream:track) refs/heads/main refs/remotes/main [3ms]
[2022-08-18T05:41:24.254Z] > git for-each-ref --sort -committerdate --format %(refname) %(objectname) %(*objectname) [6ms]
[2022-08-18T05:41:24.255Z] > git remote --verbose [2ms]
[2022-08-18T05:41:24.269Z] > git config --get commit.template [3ms]
[2022-08-18T05:41:29.296Z] > git symbolic-ref --short HEAD [2ms]
[2022-08-18T05:41:29.304Z] > git for-each-ref --format=%(refname)%00%(upstream:short)%00%(objectname)%00%(upstream:track) refs/heads/main refs/remotes/main [2ms]
[2022-08-18T05:41:29.317Z] > git for-each-ref --sort -committerdate --format %(refname) %(objectname) %(*objectname) [7ms]
[2022-08-18T05:41:29.317Z] > git remote --verbose [2ms]
[2022-08-18T05:41:29.326Z] > git config --get commit.template [2ms]
[2022-08-18T05:41:34.350Z] > git symbolic-ref --short HEAD [1ms]
[2022-08-18T05:41:34.357Z] > git for-each-ref --format=%(refname)%00%(upstream:short)%00%(objectname)%00%(upstream:track) refs/heads/main refs/remotes/main [2ms]
[2022-08-18T05:41:34.367Z] > git for-each-ref --sort -committerdate --format %(refname) %(objectname) %(*objectname) [6ms]
[2022-08-18T05:41:34.368Z] > git remote --verbose [2ms]
[2022-08-18T05:41:34.376Z] > git config --get commit.template [1ms]
[2022-08-18T05:41:39.402Z] > git symbolic-ref --short HEAD [1ms]
[2022-08-18T05:41:39.408Z] > git for-each-ref --format=%(refname)%00%(upstream:short)%00%(objectname)%00%(upstream:track) refs/heads/main refs/remotes/main [2ms]
[2022-08-18T05:41:39.419Z] > git for-each-ref --sort -committerdate --format %(refname) %(objectname) %(*objectname) [6ms]
[2022-08-18T05:41:39.419Z] > git remote --verbose [1ms]
[2022-08-18T05:41:39.427Z] > git config --get commit.template [1ms]
[2022-08-18T05:41:44.452Z] > git symbolic-ref --short HEAD [1ms]
[2022-08-18T05:41:44.461Z] > git for-each-ref --format=%(refname)%00%(upstream:short)%00%(objectname)%00%(upstream:track) refs/heads/main refs/remotes/main [2ms]
[2022-08-18T05:41:44.472Z] > git for-each-ref --sort -committerdate --format %(refname) %(objectname) %(*objectname) [6ms]
[2022-08-18T05:41:44.473Z] > git remote --verbose [2ms]
[2022-08-18T05:41:44.480Z] > git config --get commit.template [1ms]
[2022-08-18T05:41:49.504Z] > git symbolic-ref --short HEAD [1ms]
[2022-08-18T05:41:49.512Z] > git for-each-ref --format=%(refname)%00%(upstream:short)%00%(objectname)%00%(upstream:track) refs/heads/main refs/remotes/main [2ms]
[2022-08-18T05:41:49.523Z] > git for-each-ref --sort -committerdate --format %(refname) %(objectname) %(*objectname) [7ms]
[2022-08-18T05:41:49.524Z] > git remote --verbose [2ms]
[2022-08-18T05:41:49.534Z] > git config --get commit.template [1ms]
[2022-08-18T05:41:54.562Z] > git symbolic-ref --short HEAD [2ms]
[2022-08-18T05:41:54.570Z] > git for-each-ref --format=%(refname)%00%(upstream:short)%00%(objectname)%00%(upstream:track) refs/heads/main refs/remotes/main [2ms]
[2022-08-18T05:41:54.582Z] > git remote --verbose [1ms]
[2022-08-18T05:41:54.583Z] > git for-each-ref --sort -committerdate --format %(refname) %(objectname) %(*objectname) [9ms]
[2022-08-18T05:41:54.593Z] > git config --get commit.template [2ms]
[2022-08-18T05:41:59.613Z] > git symbolic-ref --short HEAD [1ms]
[2022-08-18T05:41:59.620Z] > git for-each-ref --format=%(refname)%00%(upstream:short)%00%(objectname)%00%(upstream:track) refs/heads/main refs/remotes/main [2ms]
[2022-08-18T05:41:59.631Z] > git for-each-ref --sort -committerdate --format %(refname) %(objectname) %(*objectname) [6ms]
[2022-08-18T05:41:59.632Z] > git remote --verbose [2ms]
[2022-08-18T05:41:59.643Z] > git config --get commit.template [3ms]
[2022-08-18T05:42:16.677Z] > git symbolic-ref --short HEAD [3ms]
[2022-08-18T05:42:16.685Z] > git for-each-ref --format=%(refname)%00%(upstream:short)%00%(objectname)%00%(upstream:track) refs/heads/main refs/remotes/main [2ms]
[2022-08-18T05:42:16.699Z] > git remote --verbose [1ms]
[2022-08-18T05:42:16.699Z] > git for-each-ref --sort -committerdate --format %(refname) %(objectname) %(*objectname) [9ms]
[2022-08-18T05:42:16.709Z] > git config --get commit.template [2ms]
[2022-08-18T05:42:21.731Z] > git symbolic-ref --short HEAD [1ms]
[2022-08-18T05:42:21.739Z] > git for-each-ref --format=%(refname)%00%(upstream:short)%00%(objectname)%00%(upstream:track) refs/heads/main refs/remotes/main [1ms]
[2022-08-18T05:42:21.753Z] > git for-each-ref --sort -committerdate --format %(refname) %(objectname) %(*objectname) [8ms]
[2022-08-18T05:42:21.753Z] > git remote --verbose [2ms]
[2022-08-18T05:42:21.763Z] > git config --get commit.template [2ms]
[2022-08-18T05:42:26.786Z] > git symbolic-ref --short HEAD [1ms]
[2022-08-18T05:42:26.794Z] > git for-each-ref --format=%(refname)%00%(upstream:short)%00%(objectname)%00%(upstream:track) refs/heads/main refs/remotes/main [1ms]
[2022-08-18T05:42:26.807Z] > git for-each-ref --sort -committerdate --format %(refname) %(objectname) %(*objectname) [7ms]
[2022-08-18T05:42:26.807Z] > git remote --verbose [1ms]
[2022-08-18T05:42:26.815Z] > git config --get commit.template [1ms]
[2022-08-18T05:42:31.838Z] > git symbolic-ref --short HEAD [1ms]
[2022-08-18T05:42:31.845Z] > git for-each-ref --format=%(refname)%00%(upstream:short)%00%(objectname)%00%(upstream:track) refs/heads/main refs/remotes/main [2ms]
[2022-08-18T05:42:31.856Z] > git for-each-ref --sort -committerdate --format %(refname) %(objectname) %(*objectname) [6ms]
[2022-08-18T05:42:31.856Z] > git remote --verbose [1ms]
[2022-08-18T05:42:31.866Z] > git config --get commit.template [2ms]
[2022-08-18T05:42:36.893Z] > git symbolic-ref --short HEAD [1ms]
[2022-08-18T05:42:36.899Z] > git for-each-ref --format=%(refname)%00%(upstream:short)%00%(objectname)%00%(upstream:track) refs/heads/main refs/remotes/main [1ms]
[2022-08-18T05:42:36.912Z] > git for-each-ref --sort -committerdate --format %(refname) %(objectname) %(*objectname) [7ms]
[2022-08-18T05:42:36.912Z] > git remote --verbose [1ms]
[2022-08-18T05:42:36.923Z] > git config --get commit.template [1ms]
[2022-08-18T05:42:41.949Z] > git symbolic-ref --short HEAD [1ms]
[2022-08-18T05:42:41.955Z] > git for-each-ref --format=%(refname)%00%(upstream:short)%00%(objectname)%00%(upstream:track) refs/heads/main refs/remotes/main [1ms]
[2022-08-18T05:42:41.968Z] > git for-each-ref --sort -committerdate --format %(refname) %(objectname) %(*objectname) [7ms]
[2022-08-18T05:42:41.968Z] > git remote --verbose [1ms]
[2022-08-18T05:42:41.978Z] > git config --get commit.template [1ms]
[2022-08-18T05:42:47.001Z] > git symbolic-ref --short HEAD [1ms]
[2022-08-18T05:42:47.008Z] > git for-each-ref --format=%(refname)%00%(upstream:short)%00%(objectname)%00%(upstream:track) refs/heads/main refs/remotes/main [2ms]
[2022-08-18T05:42:47.019Z] > git for-each-ref --sort -committerdate --format %(refname) %(objectname) %(*objectname) [5ms]
[2022-08-18T05:42:47.019Z] > git remote --verbose [1ms]
[2022-08-18T05:42:47.028Z] > git config --get commit.template [2ms]
[2022-08-18T05:42:52.055Z] > git symbolic-ref --short HEAD [3ms]
[2022-08-18T05:42:52.061Z] > git for-each-ref --format=%(refname)%00%(upstream:short)%00%(objectname)%00%(upstream:track) refs/heads/main refs/remotes/main [1ms]
[2022-08-18T05:42:52.072Z] > git for-each-ref --sort -committerdate --format %(refname) %(objectname) %(*objectname) [6ms]
[2022-08-18T05:42:52.073Z] > git remote --verbose [2ms]
[2022-08-18T05:42:52.086Z] > git config --get commit.template [3ms]
[2022-08-18T05:42:57.127Z] > git symbolic-ref --short HEAD [1ms]
[2022-08-18T05:42:57.134Z] > git for-each-ref --format=%(refname)%00%(upstream:short)%00%(objectname)%00%(upstream:track) refs/heads/main refs/remotes/main [1ms]
[2022-08-18T05:42:57.147Z] > git for-each-ref --sort -committerdate --format %(refname) %(objectname) %(*objectname) [6ms]
[2022-08-18T05:42:57.148Z] > git remote --verbose [2ms]
[2022-08-18T05:42:57.159Z] > git config --get commit.template [2ms]
[2022-08-18T05:43:02.187Z] > git symbolic-ref --short HEAD [2ms]
[2022-08-18T05:43:02.197Z] > git for-each-ref --format=%(refname)%00%(upstream:short)%00%(objectname)%00%(upstream:track) refs/heads/main refs/remotes/main [2ms]
[2022-08-18T05:43:02.213Z] > git for-each-ref --sort -committerdate --format %(refname) %(objectname) %(*objectname) [10ms]
[2022-08-18T05:43:02.213Z] > git remote --verbose [2ms]
[2022-08-18T05:43:02.226Z] > git config --get commit.template [4ms]
[2022-08-18T05:44:21.546Z] > git symbolic-ref --short HEAD [2ms]
[2022-08-18T05:44:21.555Z] > git for-each-ref --format=%(refname)%00%(upstream:short)%00%(objectname)%00%(upstream:track) refs/heads/main refs/remotes/main [3ms]
[2022-08-18T05:44:21.570Z] > git for-each-ref --sort -committerdate --format %(refname) %(objectname) %(*objectname) [7ms]
[2022-08-18T05:44:21.570Z] > git remote --verbose [1ms]
[2022-08-18T05:44:21.580Z] > git config --get commit.template [1ms]
[2022-08-18T05:44:23.732Z] > git ls-files --stage -- /var/www/html/officework/Stackoet/index.html [1ms]
[2022-08-18T05:44:23.739Z] > git cat-file -s 41004a2cb0bab8b9ad31a80527588b2870889520 [1ms]
[2022-08-18T05:44:26.604Z] > git symbolic-ref --short HEAD [1ms]
[2022-08-18T05:44:26.610Z] > git for-each-ref --format=%(refname)%00%(upstream:short)%00%(objectname)%00%(upstream:track) refs/heads/main refs/remotes/main [1ms]
[2022-08-18T05:44:26.624Z] > git for-each-ref --sort -committerdate --format %(refname) %(objectname) %(*objectname) [7ms]
[2022-08-18T05:44:26.624Z] > git remote --verbose [1ms]
[2022-08-18T05:44:26.632Z] > git config --get commit.template [2ms]
[2022-08-18T05:44:31.660Z] > git symbolic-ref --short HEAD [1ms]
[2022-08-18T05:44:31.667Z] > git for-each-ref --format=%(refname)%00%(upstream:short)%00%(objectname)%00%(upstream:track) refs/heads/main refs/remotes/main [2ms]
[2022-08-18T05:44:31.678Z] > git for-each-ref --sort -committerdate --format %(refname) %(objectname) %(*objectname) [6ms]
[2022-08-18T05:44:31.678Z] > git remote --verbose [1ms]
[2022-08-18T05:44:31.688Z] > git config --get commit.template [2ms]
[2022-08-18T05:44:36.714Z] > git symbolic-ref --short HEAD [1ms]
[2022-08-18T05:44:36.722Z] > git for-each-ref --format=%(refname)%00%(upstream:short)%00%(objectname)%00%(upstream:track) refs/heads/main refs/remotes/main [2ms]
[2022-08-18T05:44:36.733Z] > git for-each-ref --sort -committerdate --format %(refname) %(objectname) %(*objectname) [5ms]
[2022-08-18T05:44:36.734Z] > git remote --verbose [2ms]
[2022-08-18T05:44:36.743Z] > git config --get commit.template [2ms]
[2022-08-18T05:44:41.771Z] > git symbolic-ref --short HEAD [1ms]
[2022-08-18T05:44:41.777Z] > git for-each-ref --format=%(refname)%00%(upstream:short)%00%(objectname)%00%(upstream:track) refs/heads/main refs/remotes/main [1ms]
[2022-08-18T05:44:41.789Z] > git for-each-ref --sort -committerdate --format %(refname) %(objectname) %(*objectname) [7ms]
[2022-08-18T05:44:41.790Z] > git remote --verbose [2ms]
[2022-08-18T05:44:41.799Z] > git config --get commit.template [2ms]
[2022-08-18T05:44:46.826Z] > git symbolic-ref --short HEAD [2ms]
[2022-08-18T05:44:46.833Z] > git for-each-ref --format=%(refname)%00%(upstream:short)%00%(objectname)%00%(upstream:track) refs/heads/main refs/remotes/main [1ms]
[2022-08-18T05:44:46.846Z] > git for-each-ref --sort -committerdate --format %(refname) %(objectname) %(*objectname) [8ms]
[2022-08-18T05:44:46.846Z] > git remote --verbose [1ms]
[2022-08-18T05:44:46.856Z] > git config --get commit.template [1ms]
[2022-08-18T05:44:51.882Z] > git symbolic-ref --short HEAD [1ms]
[2022-08-18T05:44:51.888Z] > git for-each-ref --format=%(refname)%00%(upstream:short)%00%(objectname)%00%(upstream:track) refs/heads/main refs/remotes/main [1ms]
[2022-08-18T05:44:51.899Z] > git for-each-ref --sort -committerdate --format %(refname) %(objectname) %(*objectname) [6ms]
[2022-08-18T05:44:51.899Z] > git remote --verbose [1ms]
[2022-08-18T05:44:51.908Z] > git config --get commit.template [1ms]
