[Info  - 2:08:06 pm] Angular language server process ID: 9845
[Info  - 2:08:06 pm] Using typescript/lib/tsserverlibrary v4.6.4 from /root/.vscode/extensions/angular.ng-template-13.3.4/node_modules/typescript/lib/tsserverlibrary.js
[Info  - 2:08:06 pm] Using @angular/language-service v13.3.8 from /root/.vscode/extensions/angular.ng-template-13.3.4/node_modules/@angular/language-service/index.js
[Info  - 2:08:06 pm] Logging is turned off. To enable, run command 'Open Angular server log'.
[Error - 2:08:08 pm] No config file for /var/www/html/officework/Stackoet/index.html
[Error - 2:10:36 pm] No config file for /var/www/html/officework/Stackoet/index.html
[Error - 2:10:45 pm] No config file for /var/www/html/officework/Stackoet/index.html
[Error - 2:10:46 pm] No config file for /var/www/html/officework/Stackoet/index.html
[Error - 2:11:59 pm] No config file for /var/www/html/officework/Stackoet/index.html
[Error - 2:12:14 pm] No config file for /var/www/html/officework/Stackoet/index.html
[Error - 2:12:14 pm] No config file for /var/www/html/officework/Stackoet/index.html
[Error - 2:12:24 pm] No config file for /var/www/html/officework/Stackoet/index.html
[Error - 2:12:24 pm] No config file for /var/www/html/officework/Stackoet/index.html
[Error - 2:13:55 pm] No config file for /var/www/html/officework/Stackoet/index.html
[Error - 2:13:55 pm] No config file for /var/www/html/officework/Stackoet/index.html
[Error - 2:14:24 pm] No config file for /var/www/html/officework/Stackoet/index.html
[Error - 2:14:25 pm] No config file for /var/www/html/officework/Stackoet/index.html
[Error - 2:14:27 pm] No config file for /var/www/html/officework/Stackoet/index.html
[Error - 2:14:27 pm] No config file for /var/www/html/officework/Stackoet/index.html
[Error - 2:14:28 pm] No config file for /var/www/html/officework/Stackoet/index.html
[Error - 2:14:28 pm] No config file for /var/www/html/officework/Stackoet/index.html
[Error - 2:14:28 pm] No config file for /var/www/html/officework/Stackoet/index.html
[Error - 2:14:28 pm] No config file for /var/www/html/officework/Stackoet/index.html
[Error - 2:14:29 pm] No config file for /var/www/html/officework/Stackoet/index.html
[Error - 2:14:29 pm] No config file for /var/www/html/officework/Stackoet/index.html
[Error - 2:14:30 pm] No config file for /var/www/html/officework/Stackoet/index.html
[Error - 2:14:30 pm] No config file for /var/www/html/officework/Stackoet/index.html
[Error - 2:14:30 pm] No config file for /var/www/html/officework/Stackoet/index.html
[Error - 2:14:31 pm] No config file for /var/www/html/officework/Stackoet/index.html
[Error - 2:14:32 pm] No config file for /var/www/html/officework/Stackoet/index.html
[Error - 2:14:32 pm] No config file for /var/www/html/officework/Stackoet/index.html
[Error - 2:14:33 pm] No config file for /var/www/html/officework/Stackoet/index.html
[Error - 2:14:34 pm] No config file for /var/www/html/officework/Stackoet/index.html
[Error - 2:14:34 pm] No config file for /var/www/html/officework/Stackoet/index.html
[Error - 2:14:35 pm] No config file for /var/www/html/officework/Stackoet/index.html
[Error - 2:14:35 pm] No config file for /var/www/html/officework/Stackoet/index.html
[Error - 2:14:38 pm] No config file for /var/www/html/officework/Stackoet/index.html
[Error - 2:14:39 pm] No config file for /var/www/html/officework/Stackoet/index.html
[Error - 2:14:39 pm] No config file for /var/www/html/officework/Stackoet/index.html
[Error - 2:14:40 pm] No config file for /var/www/html/officework/Stackoet/index.html
[Error - 2:14:40 pm] No config file for /var/www/html/officework/Stackoet/index.html
[Error - 2:14:41 pm] No config file for /var/www/html/officework/Stackoet/index.html
[Error - 2:14:41 pm] No config file for /var/www/html/officework/Stackoet/index.html
[Error - 2:14:41 pm] No config file for /var/www/html/officework/Stackoet/index.html
[Error - 2:16:16 pm] No config file for /var/www/html/officework/Stackoet/index.html
[Error - 2:16:36 pm] No config file for /var/www/html/officework/Stackoet/index.html
[Error - 2:16:45 pm] No config file for /var/www/html/officework/Stackoet/index.html
[Error - 2:16:45 pm] No config file for /var/www/html/officework/Stackoet/index.html
[Error - 2:16:45 pm] No config file for /var/www/html/officework/Stackoet/index.html
[Error - 2:16:46 pm] No config file for /var/www/html/officework/Stackoet/index.html
[Error - 2:16:47 pm] No config file for /var/www/html/officework/Stackoet/index.html
[Error - 2:16:47 pm] No config file for /var/www/html/officework/Stackoet/index.html
[Error - 2:16:47 pm] No config file for /var/www/html/officework/Stackoet/index.html
[Error - 2:16:48 pm] No config file for /var/www/html/officework/Stackoet/index.html
[Error - 2:16:49 pm] No config file for /var/www/html/officework/Stackoet/index.html
[Error - 2:16:49 pm] No config file for /var/www/html/officework/Stackoet/index.html
[Error - 2:16:49 pm] No config file for /var/www/html/officework/Stackoet/index.html
[Error - 2:16:52 pm] No config file for /var/www/html/officework/Stackoet/index.html
[Error - 2:16:52 pm] No config file for /var/www/html/officework/Stackoet/index.html
[Error - 2:16:53 pm] No config file for /var/www/html/officework/Stackoet/index.html
[Error - 2:16:53 pm] No config file for /var/www/html/officework/Stackoet/index.html
[Error - 2:17:48 pm] No config file for /var/www/html/officework/Stackoet/index.html
[Error - 2:17:52 pm] No config file for /var/www/html/officework/Stackoet/index.html
[Error - 2:17:52 pm] No config file for /var/www/html/officework/Stackoet/index.html
[Error - 2:17:52 pm] No config file for /var/www/html/officework/Stackoet/index.html
[Error - 2:17:52 pm] No config file for /var/www/html/officework/Stackoet/index.html
[Error - 2:17:56 pm] No config file for /var/www/html/officework/Stackoet/index.html
[Error - 2:17:56 pm] No config file for /var/www/html/officework/Stackoet/index.html
[Error - 2:17:56 pm] No config file for /var/www/html/officework/Stackoet/index.html
[Error - 2:17:57 pm] No config file for /var/www/html/officework/Stackoet/index.html
[Error - 2:18:38 pm] No config file for /var/www/html/officework/Stackoet/index.html
[Error - 2:18:52 pm] No config file for /var/www/html/officework/Stackoet/index.html
[Error - 2:18:53 pm] No config file for /var/www/html/officework/Stackoet/index.html
[Error - 2:18:54 pm] No config file for /var/www/html/officework/Stackoet/index.html
[Error - 2:18:54 pm] No config file for /var/www/html/officework/Stackoet/index.html
[Error - 2:18:54 pm] No config file for /var/www/html/officework/Stackoet/index.html
[Error - 2:18:55 pm] No config file for /var/www/html/officework/Stackoet/index.html
[Error - 2:18:55 pm] No config file for /var/www/html/officework/Stackoet/index.html
[Error - 2:18:55 pm] No config file for /var/www/html/officework/Stackoet/index.html
[Error - 2:18:55 pm] No config file for /var/www/html/officework/Stackoet/index.html
[Error - 2:18:56 pm] No config file for /var/www/html/officework/Stackoet/index.html
[Error - 2:18:56 pm] No config file for /var/www/html/officework/Stackoet/index.html
[Error - 2:18:58 pm] No config file for /var/www/html/officework/Stackoet/index.html
[Error - 2:18:58 pm] No config file for /var/www/html/officework/Stackoet/index.html
[Error - 2:18:58 pm] No config file for /var/www/html/officework/Stackoet/index.html
[Error - 2:18:58 pm] No config file for /var/www/html/officework/Stackoet/index.html
[Error - 2:18:59 pm] No config file for /var/www/html/officework/Stackoet/index.html
[Error - 2:18:59 pm] No config file for /var/www/html/officework/Stackoet/index.html
[Error - 2:18:59 pm] No config file for /var/www/html/officework/Stackoet/index.html
[Error - 2:18:59 pm] No config file for /var/www/html/officework/Stackoet/index.html
[Error - 2:20:09 pm] No config file for /var/www/html/officework/Stackoet/index.html
[Error - 2:20:11 pm] No config file for /var/www/html/officework/Stackoet/index.html
[Error - 2:20:11 pm] No config file for /var/www/html/officework/Stackoet/index.html
[Error - 2:20:16 pm] No config file for /var/www/html/officework/Stackoet/index.html
[Error - 2:20:16 pm] No config file for /var/www/html/officework/Stackoet/index.html
[Error - 2:20:55 pm] No config file for /var/www/html/officework/Stackoet/index.html
[Error - 2:23:39 pm] No config file for /var/www/html/officework/Stackoet/index.html
[Error - 5:58:05 pm] No config file for /var/www/html/officework/Stackoet/index.html
[Error - 5:58:09 pm] No config file for /var/www/html/officework/Stackoet/index.html
[Error - 5:58:09 pm] No config file for /var/www/html/officework/Stackoet/index.html
[Error - 6:00:19 pm] No config file for /var/www/html/officework/Stackoet/index.html
[Error - 6:00:33 pm] No config file for /var/www/html/officework/Stackoet/index.html
[Error - 6:00:41 pm] No config file for /var/www/html/officework/Stackoet/index.html
[Error - 6:00:41 pm] No config file for /var/www/html/officework/Stackoet/index.html
[Error - 6:00:57 pm] No config file for /var/www/html/officework/Stackoet/index.html
[Error - 6:01:00 pm] No config file for /var/www/html/officework/Stackoet/index.html
[Error - 6:01:00 pm] No config file for /var/www/html/officework/Stackoet/index.html
[Error - 6:01:02 pm] No config file for /var/www/html/officework/Stackoet/index.html
[Error - 6:01:02 pm] No config file for /var/www/html/officework/Stackoet/index.html
[Error - 6:01:02 pm] No config file for /var/www/html/officework/Stackoet/index.html
[Error - 6:01:02 pm] No config file for /var/www/html/officework/Stackoet/index.html
[Error - 6:01:02 pm] No config file for /var/www/html/officework/Stackoet/index.html
[Error - 6:01:02 pm] No config file for /var/www/html/officework/Stackoet/index.html
[Error - 6:01:02 pm] No config file for /var/www/html/officework/Stackoet/index.html
[Error - 6:01:03 pm] No config file for /var/www/html/officework/Stackoet/index.html
[Error - 6:01:05 pm] No config file for /var/www/html/officework/Stackoet/index.html
[Error - 6:01:05 pm] No config file for /var/www/html/officework/Stackoet/index.html
[Error - 6:01:06 pm] No config file for /var/www/html/officework/Stackoet/index.html
[Error - 6:01:06 pm] No config file for /var/www/html/officework/Stackoet/index.html
[Error - 6:01:06 pm] No config file for /var/www/html/officework/Stackoet/index.html
[Error - 6:01:06 pm] No config file for /var/www/html/officework/Stackoet/index.html
[Error - 6:01:06 pm] No config file for /var/www/html/officework/Stackoet/index.html
[Error - 6:01:08 pm] No config file for /var/www/html/officework/Stackoet/index.html
[Error - 6:01:08 pm] No config file for /var/www/html/officework/Stackoet/index.html
[Error - 6:01:11 pm] No config file for /var/www/html/officework/Stackoet/index.html
[Error - 6:01:11 pm] No config file for /var/www/html/officework/Stackoet/index.html
[Error - 6:01:13 pm] No config file for /var/www/html/officework/Stackoet/index.html
[Error - 6:01:19 pm] No config file for /var/www/html/officework/Stackoet/index.html
[Error - 6:01:38 pm] No config file for /var/www/html/officework/Stackoet/index.html
[Error - 6:01:42 pm] No config file for /var/www/html/officework/Stackoet/index.html
[Error - 6:01:43 pm] No config file for /var/www/html/officework/Stackoet/index.html
[Error - 6:01:44 pm] No config file for /var/www/html/officework/Stackoet/index.html
[Error - 6:01:45 pm] No config file for /var/www/html/officework/Stackoet/index.html
[Error - 6:01:47 pm] No config file for /var/www/html/officework/Stackoet/index.html
[Error - 6:01:47 pm] No config file for /var/www/html/officework/Stackoet/index.html
[Error - 6:01:48 pm] No config file for /var/www/html/officework/Stackoet/index.html
[Error - 6:01:54 pm] No config file for /var/www/html/officework/Stackoet/index.html
[Error - 6:01:54 pm] No config file for /var/www/html/officework/Stackoet/index.html
[Error - 6:01:55 pm] No config file for /var/www/html/officework/Stackoet/index.html
[Error - 6:01:56 pm] No config file for /var/www/html/officework/Stackoet/index.html
[Error - 6:01:56 pm] No config file for /var/www/html/officework/Stackoet/index.html
[Error - 6:01:56 pm] No config file for /var/www/html/officework/Stackoet/index.html
[Error - 6:02:02 pm] No config file for /var/www/html/officework/Stackoet/index.html
[Error - 6:02:02 pm] No config file for /var/www/html/officework/Stackoet/index.html
[Error - 6:02:04 pm] No config file for /var/www/html/officework/Stackoet/index.html
[Error - 6:02:04 pm] No config file for /var/www/html/officework/Stackoet/index.html
[Error - 6:02:09 pm] No config file for /var/www/html/officework/Stackoet/index.html
[Error - 6:02:10 pm] No config file for /var/www/html/officework/Stackoet/index.html
[Error - 6:02:13 pm] No config file for /var/www/html/officework/Stackoet/index.html
[Error - 6:02:26 pm] No config file for /var/www/html/officework/Stackoet/index.html
[Error - 6:02:30 pm] No config file for /var/www/html/officework/Stackoet/index.html
[Error - 6:02:33 pm] No config file for /var/www/html/officework/Stackoet/index.html
[Error - 6:02:33 pm] No config file for /var/www/html/officework/Stackoet/index.html
[Error - 6:02:39 pm] No config file for /var/www/html/officework/Stackoet/index.html
[Error - 6:02:42 pm] No config file for /var/www/html/officework/Stackoet/index.html
[Error - 6:02:42 pm] No config file for /var/www/html/officework/Stackoet/index.html
[Error - 6:02:44 pm] No config file for /var/www/html/officework/Stackoet/index.html
[Error - 6:02:45 pm] No config file for /var/www/html/officework/Stackoet/index.html
[Error - 6:02:45 pm] No config file for /var/www/html/officework/Stackoet/index.html
[Error - 6:02:46 pm] No config file for /var/www/html/officework/Stackoet/index.html
[Error - 6:02:51 pm] No config file for /var/www/html/officework/Stackoet/index.html
[Error - 6:02:51 pm] No config file for /var/www/html/officework/Stackoet/index.html
[Error - 6:02:53 pm] No config file for /var/www/html/officework/Stackoet/index.html
[Error - 6:02:53 pm] No config file for /var/www/html/officework/Stackoet/index.html
[Error - 6:02:54 pm] No config file for /var/www/html/officework/Stackoet/index.html
[Error - 6:02:57 pm] No config file for /var/www/html/officework/Stackoet/index.html
[Error - 6:02:57 pm] No config file for /var/www/html/officework/Stackoet/index.html
[Error - 6:02:58 pm] No config file for /var/www/html/officework/Stackoet/index.html
[Error - 6:02:59 pm] No config file for /var/www/html/officework/Stackoet/index.html
[Error - 6:02:59 pm] No config file for /var/www/html/officework/Stackoet/index.html
[Error - 6:02:59 pm] No config file for /var/www/html/officework/Stackoet/index.html
[Error - 6:03:00 pm] No config file for /var/www/html/officework/Stackoet/index.html
[Error - 6:03:02 pm] No config file for /var/www/html/officework/Stackoet/index.html
[Error - 6:03:03 pm] No config file for /var/www/html/officework/Stackoet/index.html
[Error - 6:03:03 pm] No config file for /var/www/html/officework/Stackoet/index.html
[Error - 6:03:06 pm] No config file for /var/www/html/officework/Stackoet/index.html
[Error - 6:03:06 pm] No config file for /var/www/html/officework/Stackoet/index.html
[Error - 6:03:06 pm] No config file for /var/www/html/officework/Stackoet/index.html
[Error - 6:03:09 pm] No config file for /var/www/html/officework/Stackoet/index.html
[Error - 6:03:09 pm] No config file for /var/www/html/officework/Stackoet/index.html
[Error - 6:03:10 pm] No config file for /var/www/html/officework/Stackoet/index.html
[Error - 6:03:10 pm] No config file for /var/www/html/officework/Stackoet/index.html
[Error - 6:03:10 pm] No config file for /var/www/html/officework/Stackoet/index.html
[Error - 6:03:10 pm] No config file for /var/www/html/officework/Stackoet/index.html
[Error - 6:03:10 pm] No config file for /var/www/html/officework/Stackoet/index.html
[Error - 6:03:12 pm] No config file for /var/www/html/officework/Stackoet/index.html
[Error - 6:03:12 pm] No config file for /var/www/html/officework/Stackoet/index.html
[Error - 6:03:12 pm] No config file for /var/www/html/officework/Stackoet/index.html
[Error - 6:03:12 pm] No config file for /var/www/html/officework/Stackoet/index.html
[Error - 6:03:13 pm] No config file for /var/www/html/officework/Stackoet/index.html
[Error - 6:03:13 pm] No config file for /var/www/html/officework/Stackoet/index.html
[Error - 6:03:14 pm] No config file for /var/www/html/officework/Stackoet/index.html
[Error - 6:03:15 pm] No config file for /var/www/html/officework/Stackoet/index.html
[Error - 6:03:15 pm] No config file for /var/www/html/officework/Stackoet/index.html
[Error - 6:03:18 pm] No config file for /var/www/html/officework/Stackoet/index.html
[Error - 6:03:18 pm] No config file for /var/www/html/officework/Stackoet/index.html
[Error - 6:03:18 pm] No config file for /var/www/html/officework/Stackoet/index.html
[Error - 6:03:18 pm] No config file for /var/www/html/officework/Stackoet/index.html
[Error - 6:03:18 pm] No config file for /var/www/html/officework/Stackoet/index.html
[Error - 6:03:18 pm] No config file for /var/www/html/officework/Stackoet/index.html
[Error - 6:03:19 pm] No config file for /var/www/html/officework/Stackoet/index.html
[Error - 6:03:19 pm] No config file for /var/www/html/officework/Stackoet/index.html
[Error - 6:03:19 pm] No config file for /var/www/html/officework/Stackoet/index.html
[Error - 6:03:39 pm] No config file for /var/www/html/officework/Stackoet/index.html
[Error - 6:03:41 pm] No config file for /var/www/html/officework/Stackoet/index.html
[Error - 6:03:41 pm] No config file for /var/www/html/officework/Stackoet/index.html
[Error - 6:03:50 pm] No config file for /var/www/html/officework/Stackoet/index.html
[Error - 6:03:56 pm] No config file for /var/www/html/officework/Stackoet/index.html
[Error - 6:03:56 pm] No config file for /var/www/html/officework/Stackoet/index.html
[Error - 6:03:56 pm] No config file for /var/www/html/officework/Stackoet/index.html
[Error - 6:03:56 pm] No config file for /var/www/html/officework/Stackoet/index.html
[Error - 6:03:57 pm] No config file for /var/www/html/officework/Stackoet/index.html
[Error - 6:03:57 pm] No config file for /var/www/html/officework/Stackoet/index.html
[Error - 6:03:57 pm] No config file for /var/www/html/officework/Stackoet/index.html
[Error - 6:03:59 pm] No config file for /var/www/html/officework/Stackoet/index.html
[Error - 6:03:59 pm] No config file for /var/www/html/officework/Stackoet/index.html
[Error - 6:03:59 pm] No config file for /var/www/html/officework/Stackoet/index.html
[Error - 6:03:59 pm] No config file for /var/www/html/officework/Stackoet/index.html
[Error - 6:03:59 pm] No config file for /var/www/html/officework/Stackoet/index.html
[Error - 6:04:00 pm] No config file for /var/www/html/officework/Stackoet/index.html
[Error - 6:04:00 pm] No config file for /var/www/html/officework/Stackoet/index.html
[Error - 6:04:00 pm] No config file for /var/www/html/officework/Stackoet/index.html
[Error - 6:04:00 pm] No config file for /var/www/html/officework/Stackoet/index.html
[Error - 6:04:01 pm] No config file for /var/www/html/officework/Stackoet/index.html
[Error - 6:04:02 pm] No config file for /var/www/html/officework/Stackoet/index.html
[Error - 6:04:02 pm] No config file for /var/www/html/officework/Stackoet/index.html
[Error - 6:04:03 pm] No config file for /var/www/html/officework/Stackoet/index.html
[Error - 6:04:05 pm] No config file for /var/www/html/officework/Stackoet/index.html
[Error - 6:04:05 pm] No config file for /var/www/html/officework/Stackoet/index.html
[Error - 6:04:06 pm] No config file for /var/www/html/officework/Stackoet/index.html
[Error - 6:04:06 pm] No config file for /var/www/html/officework/Stackoet/index.html
[Error - 6:04:07 pm] No config file for /var/www/html/officework/Stackoet/index.html
[Error - 6:04:07 pm] No config file for /var/www/html/officework/Stackoet/index.html
[Error - 6:04:09 pm] No config file for /var/www/html/officework/Stackoet/index.html
[Error - 6:04:09 pm] No config file for /var/www/html/officework/Stackoet/index.html
[Error - 6:04:10 pm] No config file for /var/www/html/officework/Stackoet/index.html
[Error - 6:04:10 pm] No config file for /var/www/html/officework/Stackoet/index.html
[Error - 6:04:10 pm] No config file for /var/www/html/officework/Stackoet/index.html
[Error - 6:04:10 pm] No config file for /var/www/html/officework/Stackoet/index.html
[Error - 6:04:10 pm] No config file for /var/www/html/officework/Stackoet/index.html
[Error - 6:04:10 pm] No config file for /var/www/html/officework/Stackoet/index.html
[Error - 6:04:10 pm] No config file for /var/www/html/officework/Stackoet/index.html
[Error - 6:04:10 pm] No config file for /var/www/html/officework/Stackoet/index.html
[Error - 6:04:10 pm] No config file for /var/www/html/officework/Stackoet/index.html
[Error - 6:04:10 pm] No config file for /var/www/html/officework/Stackoet/index.html
[Error - 6:04:11 pm] No config file for /var/www/html/officework/Stackoet/index.html
[Error - 6:04:11 pm] No config file for /var/www/html/officework/Stackoet/index.html
[Error - 6:04:11 pm] No config file for /var/www/html/officework/Stackoet/index.html
[Error - 6:04:11 pm] No config file for /var/www/html/officework/Stackoet/index.html
[Error - 6:04:11 pm] No config file for /var/www/html/officework/Stackoet/index.html
[Error - 6:04:12 pm] No config file for /var/www/html/officework/Stackoet/index.html
[Error - 6:04:12 pm] No config file for /var/www/html/officework/Stackoet/index.html
[Error - 6:04:12 pm] No config file for /var/www/html/officework/Stackoet/index.html
[Error - 6:04:13 pm] No config file for /var/www/html/officework/Stackoet/index.html
[Error - 6:04:13 pm] No config file for /var/www/html/officework/Stackoet/index.html
[Error - 6:04:14 pm] No config file for /var/www/html/officework/Stackoet/index.html
[Error - 6:04:15 pm] No config file for /var/www/html/officework/Stackoet/index.html
[Error - 6:04:15 pm] No config file for /var/www/html/officework/Stackoet/index.html
[Error - 6:04:18 pm] No config file for /var/www/html/officework/Stackoet/index.html
[Error - 6:04:18 pm] No config file for /var/www/html/officework/Stackoet/index.html
[Error - 6:04:20 pm] No config file for /var/www/html/officework/Stackoet/index.html
[Error - 6:04:23 pm] No config file for /var/www/html/officework/Stackoet/index.html
[Error - 6:04:24 pm] No config file for /var/www/html/officework/Stackoet/index.html
[Error - 6:04:25 pm] No config file for /var/www/html/officework/Stackoet/index.html
[Error - 6:04:25 pm] No config file for /var/www/html/officework/Stackoet/index.html
[Error - 6:04:28 pm] No config file for /var/www/html/officework/Stackoet/index.html
[Error - 6:04:28 pm] No config file for /var/www/html/officework/Stackoet/index.html
[Error - 6:04:28 pm] No config file for /var/www/html/officework/Stackoet/index.html
[Error - 6:04:29 pm] No config file for /var/www/html/officework/Stackoet/index.html
[Error - 6:05:45 pm] No config file for /var/www/html/officework/Stackoet/index.html
[Error - 6:05:46 pm] No config file for /var/www/html/officework/Stackoet/index.html
[Error - 6:05:47 pm] No config file for /var/www/html/officework/Stackoet/index.html
[Error - 6:05:47 pm] No config file for /var/www/html/officework/Stackoet/index.html
[Error - 6:05:48 pm] No config file for /var/www/html/officework/Stackoet/index.html
[Error - 6:05:48 pm] No config file for /var/www/html/officework/Stackoet/index.html
[Error - 6:05:49 pm] No config file for /var/www/html/officework/Stackoet/index.html
[Error - 6:05:49 pm] No config file for /var/www/html/officework/Stackoet/index.html
[Error - 6:05:49 pm] No config file for /var/www/html/officework/Stackoet/index.html
[Error - 6:05:49 pm] No config file for /var/www/html/officework/Stackoet/index.html
[Error - 6:05:49 pm] No config file for /var/www/html/officework/Stackoet/index.html
[Error - 6:05:49 pm] No config file for /var/www/html/officework/Stackoet/index.html
[Error - 6:05:50 pm] No config file for /var/www/html/officework/Stackoet/index.html
[Error - 6:05:50 pm] No config file for /var/www/html/officework/Stackoet/index.html
[Error - 6:05:53 pm] No config file for /var/www/html/officework/Stackoet/index.html
[Error - 6:06:28 pm] No config file for /var/www/html/officework/Stackoet/index.html
[Error - 6:06:30 pm] No config file for /var/www/html/officework/Stackoet/index.html
[Error - 6:06:33 pm] No config file for /var/www/html/officework/Stackoet/index.html
[Error - 6:06:35 pm] No config file for /var/www/html/officework/Stackoet/index.html
[Error - 6:06:35 pm] No config file for /var/www/html/officework/Stackoet/index.html
[Error - 6:06:36 pm] No config file for /var/www/html/officework/Stackoet/index.html
[Error - 6:06:36 pm] No config file for /var/www/html/officework/Stackoet/index.html
[Error - 6:06:36 pm] No config file for /var/www/html/officework/Stackoet/index.html
[Error - 6:06:39 pm] No config file for /var/www/html/officework/Stackoet/index.html
[Error - 6:06:41 pm] No config file for /var/www/html/officework/Stackoet/index.html
[Error - 6:06:41 pm] No config file for /var/www/html/officework/Stackoet/index.html
[Error - 6:06:41 pm] No config file for /var/www/html/officework/Stackoet/index.html
[Error - 6:06:42 pm] No config file for /var/www/html/officework/Stackoet/index.html
[Error - 6:06:42 pm] No config file for /var/www/html/officework/Stackoet/index.html
[Error - 6:06:53 pm] No config file for /var/www/html/officework/Stackoet/index.html
[Error - 6:06:54 pm] No config file for /var/www/html/officework/Stackoet/index.html
[Error - 6:06:54 pm] No config file for /var/www/html/officework/Stackoet/index.html
[Error - 6:06:55 pm] No config file for /var/www/html/officework/Stackoet/index.html
[Error - 6:06:56 pm] No config file for /var/www/html/officework/Stackoet/index.html
[Error - 6:06:56 pm] No config file for /var/www/html/officework/Stackoet/index.html
[Error - 6:06:56 pm] No config file for /var/www/html/officework/Stackoet/index.html
[Error - 6:06:56 pm] No config file for /var/www/html/officework/Stackoet/index.html
[Error - 6:06:56 pm] No config file for /var/www/html/officework/Stackoet/index.html
[Error - 6:06:56 pm] No config file for /var/www/html/officework/Stackoet/index.html
[Error - 6:06:56 pm] No config file for /var/www/html/officework/Stackoet/index.html
[Error - 6:06:57 pm] No config file for /var/www/html/officework/Stackoet/index.html
[Error - 6:06:57 pm] No config file for /var/www/html/officework/Stackoet/index.html
[Error - 6:06:57 pm] No config file for /var/www/html/officework/Stackoet/index.html
[Error - 6:06:57 pm] No config file for /var/www/html/officework/Stackoet/index.html
[Error - 6:07:02 pm] No config file for /var/www/html/officework/Stackoet/index.html
[Error - 6:07:02 pm] No config file for /var/www/html/officework/Stackoet/index.html
[Error - 6:07:03 pm] No config file for /var/www/html/officework/Stackoet/index.html
[Error - 6:07:04 pm] No config file for /var/www/html/officework/Stackoet/index.html
[Error - 6:07:04 pm] No config file for /var/www/html/officework/Stackoet/index.html
[Error - 6:07:04 pm] No config file for /var/www/html/officework/Stackoet/index.html
[Error - 6:07:04 pm] No config file for /var/www/html/officework/Stackoet/index.html
[Error - 6:07:04 pm] No config file for /var/www/html/officework/Stackoet/index.html
[Error - 6:07:04 pm] No config file for /var/www/html/officework/Stackoet/index.html
[Error - 6:07:05 pm] No config file for /var/www/html/officework/Stackoet/index.html
[Error - 6:07:05 pm] No config file for /var/www/html/officework/Stackoet/index.html
[Error - 6:07:05 pm] No config file for /var/www/html/officework/Stackoet/index.html
[Error - 6:07:05 pm] No config file for /var/www/html/officework/Stackoet/index.html
[Error - 6:07:06 pm] No config file for /var/www/html/officework/Stackoet/index.html
[Error - 6:07:06 pm] No config file for /var/www/html/officework/Stackoet/index.html
[Error - 6:07:07 pm] No config file for /var/www/html/officework/Stackoet/index.html
[Error - 6:07:07 pm] No config file for /var/www/html/officework/Stackoet/index.html
[Error - 6:07:07 pm] No config file for /var/www/html/officework/Stackoet/index.html
[Error - 6:07:07 pm] No config file for /var/www/html/officework/Stackoet/index.html
[Error - 6:07:08 pm] No config file for /var/www/html/officework/Stackoet/index.html
[Error - 6:07:08 pm] No config file for /var/www/html/officework/Stackoet/index.html
[Error - 6:07:08 pm] No config file for /var/www/html/officework/Stackoet/index.html
[Error - 6:07:08 pm] No config file for /var/www/html/officework/Stackoet/index.html
[Error - 6:07:08 pm] No config file for /var/www/html/officework/Stackoet/index.html
[Error - 6:07:09 pm] No config file for /var/www/html/officework/Stackoet/index.html
[Error - 6:09:27 pm] No config file for /var/www/html/officework/Stackoet/index.html
[Error - 6:09:30 pm] No config file for /var/www/html/officework/Stackoet/index.html
[Error - 6:09:30 pm] No config file for /var/www/html/officework/Stackoet/index.html
[Error - 6:09:31 pm] No config file for /var/www/html/officework/Stackoet/index.html
[Error - 6:09:31 pm] No config file for /var/www/html/officework/Stackoet/index.html
[Error - 6:09:32 pm] No config file for /var/www/html/officework/Stackoet/index.html
[Error - 6:09:32 pm] No config file for /var/www/html/officework/Stackoet/index.html
[Error - 6:09:32 pm] No config file for /var/www/html/officework/Stackoet/index.html
[Error - 6:09:34 pm] No config file for /var/www/html/officework/Stackoet/index.html
[Error - 6:09:34 pm] No config file for /var/www/html/officework/Stackoet/index.html
[Error - 6:09:35 pm] No config file for /var/www/html/officework/Stackoet/index.html
[Error - 6:09:35 pm] No config file for /var/www/html/officework/Stackoet/index.html
[Error - 6:09:35 pm] No config file for /var/www/html/officework/Stackoet/index.html
[Error - 6:09:35 pm] No config file for /var/www/html/officework/Stackoet/index.html
[Error - 6:09:35 pm] No config file for /var/www/html/officework/Stackoet/index.html
[Error - 6:09:36 pm] No config file for /var/www/html/officework/Stackoet/index.html
[Error - 6:09:36 pm] No config file for /var/www/html/officework/Stackoet/index.html
[Error - 6:09:36 pm] No config file for /var/www/html/officework/Stackoet/index.html
[Error - 6:09:37 pm] No config file for /var/www/html/officework/Stackoet/index.html
[Error - 6:09:38 pm] No config file for /var/www/html/officework/Stackoet/index.html
[Error - 6:09:38 pm] No config file for /var/www/html/officework/Stackoet/index.html
[Error - 6:09:39 pm] No config file for /var/www/html/officework/Stackoet/index.html
[Error - 6:09:39 pm] No config file for /var/www/html/officework/Stackoet/index.html
[Error - 6:09:39 pm] No config file for /var/www/html/officework/Stackoet/index.html
[Error - 6:09:39 pm] No config file for /var/www/html/officework/Stackoet/index.html
[Error - 6:09:39 pm] No config file for /var/www/html/officework/Stackoet/index.html
[Error - 6:09:39 pm] No config file for /var/www/html/officework/Stackoet/index.html
[Error - 6:09:39 pm] No config file for /var/www/html/officework/Stackoet/index.html
[Error - 6:11:14 pm] No config file for /var/www/html/officework/Stackoet/index.html
[Error - 6:14:30 pm] No config file for /var/www/html/officework/Stackoet/index.html
[Error - 6:14:36 pm] No config file for /var/www/html/officework/Stackoet/index.html
[Error - 6:14:36 pm] No config file for /var/www/html/officework/Stackoet/index.html
[Error - 6:14:37 pm] No config file for /var/www/html/officework/Stackoet/index.html
[Error - 6:14:37 pm] No config file for /var/www/html/officework/Stackoet/index.html
[Error - 6:14:38 pm] No config file for /var/www/html/officework/Stackoet/index.html
[Error - 6:14:38 pm] No config file for /var/www/html/officework/Stackoet/index.html
[Error - 6:15:22 pm] No config file for /var/www/html/officework/Stackoet/index.html
[Error - 6:32:36 pm] No config file for /var/www/html/officework/Stackoet/index.html
[Error - 9:20:09 pm] No config file for /var/www/html/officework/Stackoet/index.html
[Error - 9:20:40 pm] No config file for /var/www/html/officework/Stackoet/index.html
[Error - 9:20:47 pm] No config file for /var/www/html/officework/Stackoet/index.html
[Error - 9:24:51 pm] No config file for /var/www/html/officework/Stackoet/index.html
[Error - 9:24:52 pm] No config file for /var/www/html/officework/Stackoet/index.html
[Error - 9:24:52 pm] No config file for /var/www/html/officework/Stackoet/index.html
[Error - 9:24:53 pm] No config file for /var/www/html/officework/Stackoet/index.html
[Error - 9:24:54 pm] No config file for /var/www/html/officework/Stackoet/index.html
[Error - 9:24:55 pm] No config file for /var/www/html/officework/Stackoet/index.html
[Error - 9:24:55 pm] No config file for /var/www/html/officework/Stackoet/index.html
[Error - 9:24:55 pm] No config file for /var/www/html/officework/Stackoet/index.html
[Error - 9:24:55 pm] No config file for /var/www/html/officework/Stackoet/index.html
[Error - 9:24:55 pm] No config file for /var/www/html/officework/Stackoet/index.html
[Error - 9:24:56 pm] No config file for /var/www/html/officework/Stackoet/index.html
[Error - 9:24:56 pm] No config file for /var/www/html/officework/Stackoet/index.html
[Error - 9:24:56 pm] No config file for /var/www/html/officework/Stackoet/index.html
[Error - 9:24:57 pm] No config file for /var/www/html/officework/Stackoet/index.html
[Error - 9:24:57 pm] No config file for /var/www/html/officework/Stackoet/index.html
[Error - 9:24:57 pm] No config file for /var/www/html/officework/Stackoet/index.html
[Error - 9:24:57 pm] No config file for /var/www/html/officework/Stackoet/index.html
[Error - 9:24:57 pm] No config file for /var/www/html/officework/Stackoet/index.html
[Error - 9:24:58 pm] No config file for /var/www/html/officework/Stackoet/index.html
[Error - 9:24:58 pm] No config file for /var/www/html/officework/Stackoet/index.html
[Error - 9:24:58 pm] No config file for /var/www/html/officework/Stackoet/index.html
[Error - 9:24:58 pm] No config file for /var/www/html/officework/Stackoet/index.html
[Error - 9:24:58 pm] No config file for /var/www/html/officework/Stackoet/index.html
[Error - 9:24:59 pm] No config file for /var/www/html/officework/Stackoet/index.html
[Error - 9:24:59 pm] No config file for /var/www/html/officework/Stackoet/index.html
[Error - 9:25:00 pm] No config file for /var/www/html/officework/Stackoet/index.html
[Error - 9:25:01 pm] No config file for /var/www/html/officework/Stackoet/index.html
[Error - 9:25:01 pm] No config file for /var/www/html/officework/Stackoet/index.html
[Error - 9:25:04 pm] No config file for /var/www/html/officework/Stackoet/index.html
[Error - 9:25:04 pm] No config file for /var/www/html/officework/Stackoet/index.html
[Error - 9:25:04 pm] No config file for /var/www/html/officework/Stackoet/index.html
[Error - 9:25:04 pm] No config file for /var/www/html/officework/Stackoet/index.html
[Error - 9:25:05 pm] No config file for /var/www/html/officework/Stackoet/index.html
[Error - 9:25:05 pm] No config file for /var/www/html/officework/Stackoet/index.html
[Error - 9:25:05 pm] No config file for /var/www/html/officework/Stackoet/index.html
[Error - 9:25:05 pm] No config file for /var/www/html/officework/Stackoet/index.html
[Error - 9:25:05 pm] No config file for /var/www/html/officework/Stackoet/index.html
[Error - 9:25:05 pm] No config file for /var/www/html/officework/Stackoet/index.html
[Error - 9:25:06 pm] No config file for /var/www/html/officework/Stackoet/index.html
[Error - 9:25:08 pm] No config file for /var/www/html/officework/Stackoet/index.html
[Error - 9:25:09 pm] No config file for /var/www/html/officework/Stackoet/index.html
[Error - 9:27:39 pm] No config file for /var/www/html/officework/Stackoet/index.html
[Error - 10:08:16 pm] No config file for /var/www/html/officework/Stackoet/index.html
[Error - 10:08:18 pm] No config file for /var/www/html/officework/Stackoet/index.html
[Error - 10:08:19 pm] No config file for /var/www/html/officework/Stackoet/index.html
[Error - 10:08:19 pm] No config file for /var/www/html/officework/Stackoet/index.html
[Error - 10:08:20 pm] No config file for /var/www/html/officework/Stackoet/index.html
[Error - 10:08:20 pm] No config file for /var/www/html/officework/Stackoet/index.html
[Error - 10:08:21 pm] No config file for /var/www/html/officework/Stackoet/index.html
[Error - 10:08:21 pm] No config file for /var/www/html/officework/Stackoet/index.html
[Error - 10:08:22 pm] No config file for /var/www/html/officework/Stackoet/index.html
[Error - 10:08:22 pm] No config file for /var/www/html/officework/Stackoet/index.html
[Error - 10:08:24 pm] No config file for /var/www/html/officework/Stackoet/index.html
[Error - 10:08:24 pm] No config file for /var/www/html/officework/Stackoet/index.html
[Error - 10:08:24 pm] No config file for /var/www/html/officework/Stackoet/index.html
[Error - 10:08:24 pm] No config file for /var/www/html/officework/Stackoet/index.html
[Error - 10:08:24 pm] No config file for /var/www/html/officework/Stackoet/index.html
[Error - 10:08:25 pm] No config file for /var/www/html/officework/Stackoet/index.html
[Error - 10:08:25 pm] No config file for /var/www/html/officework/Stackoet/index.html
[Error - 10:08:25 pm] No config file for /var/www/html/officework/Stackoet/index.html
[Error - 10:08:26 pm] No config file for /var/www/html/officework/Stackoet/index.html
[Error - 10:08:27 pm] No config file for /var/www/html/officework/Stackoet/index.html
[Error - 10:08:27 pm] No config file for /var/www/html/officework/Stackoet/index.html
[Error - 10:08:27 pm] No config file for /var/www/html/officework/Stackoet/index.html
[Error - 10:08:27 pm] No config file for /var/www/html/officework/Stackoet/index.html
[Error - 10:08:28 pm] No config file for /var/www/html/officework/Stackoet/index.html
[Error - 10:08:28 pm] No config file for /var/www/html/officework/Stackoet/index.html
[Error - 10:08:28 pm] No config file for /var/www/html/officework/Stackoet/index.html
[Error - 10:08:28 pm] No config file for /var/www/html/officework/Stackoet/index.html
[Error - 10:08:28 pm] No config file for /var/www/html/officework/Stackoet/index.html
[Error - 10:08:28 pm] No config file for /var/www/html/officework/Stackoet/index.html
[Error - 10:08:29 pm] No config file for /var/www/html/officework/Stackoet/index.html
[Error - 10:08:29 pm] No config file for /var/www/html/officework/Stackoet/index.html
[Error - 10:08:29 pm] No config file for /var/www/html/officework/Stackoet/index.html
[Error - 10:08:30 pm] No config file for /var/www/html/officework/Stackoet/index.html
[Error - 10:08:30 pm] No config file for /var/www/html/officework/Stackoet/index.html
[Error - 10:08:31 pm] No config file for /var/www/html/officework/Stackoet/index.html
[Error - 10:08:31 pm] No config file for /var/www/html/officework/Stackoet/index.html
[Error - 10:08:31 pm] No config file for /var/www/html/officework/Stackoet/index.html
[Error - 10:08:31 pm] No config file for /var/www/html/officework/Stackoet/index.html
[Error - 10:08:31 pm] No config file for /var/www/html/officework/Stackoet/index.html
[Error - 10:08:32 pm] No config file for /var/www/html/officework/Stackoet/index.html
[Error - 10:08:33 pm] No config file for /var/www/html/officework/Stackoet/index.html
[Error - 10:08:33 pm] No config file for /var/www/html/officework/Stackoet/index.html
[Error - 10:08:33 pm] No config file for /var/www/html/officework/Stackoet/index.html
[Error - 10:08:34 pm] No config file for /var/www/html/officework/Stackoet/index.html
[Error - 10:08:34 pm] No config file for /var/www/html/officework/Stackoet/index.html
[Error - 10:08:37 pm] No config file for /var/www/html/officework/Stackoet/index.html
[Error - 10:08:37 pm] No config file for /var/www/html/officework/Stackoet/index.html
[Error - 10:08:37 pm] No config file for /var/www/html/officework/Stackoet/index.html
[Error - 10:08:38 pm] No config file for /var/www/html/officework/Stackoet/index.html
[Error - 10:08:38 pm] No config file for /var/www/html/officework/Stackoet/index.html
[Error - 10:08:38 pm] No config file for /var/www/html/officework/Stackoet/index.html
[Error - 10:08:38 pm] No config file for /var/www/html/officework/Stackoet/index.html
[Error - 10:08:39 pm] No config file for /var/www/html/officework/Stackoet/index.html
[Error - 10:08:39 pm] No config file for /var/www/html/officework/Stackoet/index.html
[Error - 10:08:39 pm] No config file for /var/www/html/officework/Stackoet/index.html
[Error - 10:08:39 pm] No config file for /var/www/html/officework/Stackoet/index.html
[Error - 10:08:39 pm] No config file for /var/www/html/officework/Stackoet/index.html
[Error - 10:08:40 pm] No config file for /var/www/html/officework/Stackoet/index.html
[Error - 10:08:40 pm] No config file for /var/www/html/officework/Stackoet/index.html
[Error - 10:08:40 pm] No config file for /var/www/html/officework/Stackoet/index.html
[Error - 10:08:40 pm] No config file for /var/www/html/officework/Stackoet/index.html
[Error - 10:08:40 pm] No config file for /var/www/html/officework/Stackoet/index.html
[Error - 10:08:40 pm] No config file for /var/www/html/officework/Stackoet/index.html
[Error - 10:08:41 pm] No config file for /var/www/html/officework/Stackoet/index.html
[Error - 10:08:41 pm] No config file for /var/www/html/officework/Stackoet/index.html
[Error - 10:08:41 pm] No config file for /var/www/html/officework/Stackoet/index.html
[Error - 10:08:41 pm] No config file for /var/www/html/officework/Stackoet/index.html
[Error - 10:08:41 pm] No config file for /var/www/html/officework/Stackoet/index.html
[Error - 10:08:41 pm] No config file for /var/www/html/officework/Stackoet/index.html
[Error - 10:08:41 pm] No config file for /var/www/html/officework/Stackoet/index.html
[Error - 10:08:42 pm] No config file for /var/www/html/officework/Stackoet/index.html
[Error - 10:08:42 pm] No config file for /var/www/html/officework/Stackoet/index.html
[Error - 10:08:43 pm] No config file for /var/www/html/officework/Stackoet/index.html
[Error - 10:08:44 pm] No config file for /var/www/html/officework/Stackoet/index.html
[Error - 10:09:32 pm] No config file for /var/www/html/officework/Stackoet/index.html
[Error - 10:09:35 pm] No config file for /var/www/html/officework/Stackoet/index.html
[Error - 10:09:35 pm] No config file for /var/www/html/officework/Stackoet/index.html
[Error - 10:12:03 pm] No config file for /var/www/html/officework/Stackoet/index.html
[Error - 10:12:16 pm] No config file for /var/www/html/officework/Stackoet/index.html
[Error - 10:18:17 pm] No config file for /var/www/html/officework/Stackoet/index.html
[Error - 10:18:20 pm] No config file for /var/www/html/officework/Stackoet/index.html
[Error - 10:18:20 pm] No config file for /var/www/html/officework/Stackoet/index.html
[Error - 10:18:22 pm] No config file for /var/www/html/officework/Stackoet/index.html
[Error - 10:18:22 pm] No config file for /var/www/html/officework/Stackoet/index.html
[Error - 10:18:22 pm] No config file for /var/www/html/officework/Stackoet/index.html
[Error - 10:18:22 pm] No config file for /var/www/html/officework/Stackoet/index.html
[Error - 10:18:23 pm] No config file for /var/www/html/officework/Stackoet/index.html
[Error - 10:18:23 pm] No config file for /var/www/html/officework/Stackoet/index.html
[Error - 10:19:12 pm] No config file for /var/www/html/officework/Stackoet/index.html
[Error - 10:19:12 pm] No config file for /var/www/html/officework/Stackoet/index.html
[Error - 10:19:12 pm] No config file for /var/www/html/officework/Stackoet/index.html
[Error - 10:19:15 pm] No config file for /var/www/html/officework/Stackoet/index.html
[Error - 10:19:15 pm] No config file for /var/www/html/officework/Stackoet/index.html
[Error - 10:19:17 pm] No config file for /var/www/html/officework/Stackoet/index.html
[Error - 10:19:17 pm] No config file for /var/www/html/officework/Stackoet/index.html
[Error - 10:19:17 pm] No config file for /var/www/html/officework/Stackoet/index.html
[Error - 10:19:17 pm] No config file for /var/www/html/officework/Stackoet/index.html
[Error - 10:19:18 pm] No config file for /var/www/html/officework/Stackoet/index.html
[Error - 10:19:18 pm] No config file for /var/www/html/officework/Stackoet/index.html
[Error - 10:19:19 pm] No config file for /var/www/html/officework/Stackoet/index.html
[Error - 10:19:19 pm] No config file for /var/www/html/officework/Stackoet/index.html
[Error - 10:22:04 pm] No config file for /var/www/html/officework/Stackoet/index.html
[Error - 10:22:04 pm] No config file for /var/www/html/officework/Stackoet/index.html
[Error - 10:22:07 pm] No config file for /var/www/html/officework/Stackoet/index.html
[Error - 10:22:07 pm] No config file for /var/www/html/officework/Stackoet/index.html
[Error - 10:22:09 pm] No config file for /var/www/html/officework/Stackoet/index.html
[Error - 10:22:10 pm] No config file for /var/www/html/officework/Stackoet/index.html
[Error - 10:22:20 pm] No config file for /var/www/html/officework/Stackoet/index.html
[Error - 10:22:24 pm] No config file for /var/www/html/officework/Stackoet/index.html
[Error - 10:22:25 pm] No config file for /var/www/html/officework/Stackoet/index.html
[Error - 10:22:25 pm] No config file for /var/www/html/officework/Stackoet/index.html
[Error - 10:22:27 pm] No config file for /var/www/html/officework/Stackoet/index.html
[Error - 10:22:27 pm] No config file for /var/www/html/officework/Stackoet/index.html
[Error - 10:22:28 pm] No config file for /var/www/html/officework/Stackoet/index.html
[Error - 10:22:28 pm] No config file for /var/www/html/officework/Stackoet/index.html
[Error - 10:22:28 pm] No config file for /var/www/html/officework/Stackoet/index.html
[Error - 10:22:28 pm] No config file for /var/www/html/officework/Stackoet/index.html
[Error - 10:22:28 pm] No config file for /var/www/html/officework/Stackoet/index.html
[Error - 10:22:29 pm] No config file for /var/www/html/officework/Stackoet/index.html
[Error - 10:22:29 pm] No config file for /var/www/html/officework/Stackoet/index.html
[Error - 10:23:40 pm] No config file for /var/www/html/officework/Stackoet/index.html
[Error - 10:27:02 pm] No config file for /var/www/html/officework/Stackoet/index.html
[Error - 10:27:27 pm] No config file for /var/www/html/officework/Stackoet/index.html
[Error - 10:27:51 pm] No config file for /var/www/html/officework/Stackoet/index.html
[Error - 10:27:57 pm] No config file for /var/www/html/officework/Stackoet/index.html
[Error - 10:27:57 pm] No config file for /var/www/html/officework/Stackoet/index.html
[Error - 10:29:19 pm] No config file for /var/www/html/officework/Stackoet/index.html
[Error - 10:31:23 pm] No config file for /var/www/html/officework/Stackoet/index.html
[Error - 10:31:26 pm] No config file for /var/www/html/officework/Stackoet/index.html
[Error - 10:31:26 pm] No config file for /var/www/html/officework/Stackoet/index.html
[Error - 10:31:27 pm] No config file for /var/www/html/officework/Stackoet/index.html
[Error - 10:31:27 pm] No config file for /var/www/html/officework/Stackoet/index.html
[Error - 10:32:05 pm] No config file for /var/www/html/officework/Stackoet/index.html
[Error - 10:32:10 pm] No config file for /var/www/html/officework/Stackoet/index.html
[Error - 10:32:11 pm] No config file for /var/www/html/officework/Stackoet/index.html
[Error - 10:32:11 pm] No config file for /var/www/html/officework/Stackoet/index.html
[Error - 10:32:12 pm] No config file for /var/www/html/officework/Stackoet/index.html
[Error - 10:32:20 pm] No config file for /var/www/html/officework/Stackoet/index.html
[Error - 10:39:32 pm] No config file for /var/www/html/officework/Stackoet/index.html
[Error - 10:39:36 pm] No config file for /var/www/html/officework/Stackoet/index.html
[Error - 10:39:36 pm] No config file for /var/www/html/officework/Stackoet/index.html
[Error - 10:51:04 pm] No config file for /var/www/html/officework/Stackoet/index.html
[Error - 10:51:11 pm] No config file for /var/www/html/officework/Stackoet/index.html
[Error - 10:51:11 pm] No config file for /var/www/html/officework/Stackoet/index.html
[Error - 10:51:13 pm] No config file for /var/www/html/officework/Stackoet/index.html
[Error - 10:51:13 pm] No config file for /var/www/html/officework/Stackoet/index.html
[Error - 10:51:13 pm] No config file for /var/www/html/officework/Stackoet/index.html
[Error - 10:51:13 pm] No config file for /var/www/html/officework/Stackoet/index.html
[Error - 10:51:13 pm] No config file for /var/www/html/officework/Stackoet/index.html
[Error - 10:51:14 pm] No config file for /var/www/html/officework/Stackoet/index.html
[Error - 10:51:14 pm] No config file for /var/www/html/officework/Stackoet/index.html
[Error - 10:51:14 pm] No config file for /var/www/html/officework/Stackoet/index.html
[Error - 10:51:47 pm] No config file for /var/www/html/officework/Stackoet/index.html
[Error - 10:51:48 pm] No config file for /var/www/html/officework/Stackoet/index.html
[Error - 10:51:49 pm] No config file for /var/www/html/officework/Stackoet/index.html
[Error - 10:51:50 pm] No config file for /var/www/html/officework/Stackoet/index.html
[Error - 10:51:50 pm] No config file for /var/www/html/officework/Stackoet/index.html
[Error - 10:51:51 pm] No config file for /var/www/html/officework/Stackoet/index.html
[Error - 10:51:54 pm] No config file for /var/www/html/officework/Stackoet/index.html
[Error - 10:51:56 pm] No config file for /var/www/html/officework/Stackoet/index.html
[Error - 10:51:57 pm] No config file for /var/www/html/officework/Stackoet/index.html
[Error - 10:51:57 pm] No config file for /var/www/html/officework/Stackoet/index.html
[Error - 10:51:58 pm] No config file for /var/www/html/officework/Stackoet/index.html
[Error - 10:51:59 pm] No config file for /var/www/html/officework/Stackoet/index.html
[Error - 10:52:00 pm] No config file for /var/www/html/officework/Stackoet/index.html
[Error - 10:52:00 pm] No config file for /var/www/html/officework/Stackoet/index.html
[Error - 10:52:00 pm] No config file for /var/www/html/officework/Stackoet/index.html
[Error - 10:52:01 pm] No config file for /var/www/html/officework/Stackoet/index.html
[Error - 10:52:02 pm] No config file for /var/www/html/officework/Stackoet/index.html
[Error - 10:52:02 pm] No config file for /var/www/html/officework/Stackoet/index.html
[Error - 10:52:03 pm] No config file for /var/www/html/officework/Stackoet/index.html
[Error - 10:52:10 pm] No config file for /var/www/html/officework/Stackoet/index.html
[Error - 10:52:11 pm] No config file for /var/www/html/officework/Stackoet/index.html
[Error - 10:52:11 pm] No config file for /var/www/html/officework/Stackoet/index.html
[Error - 10:52:12 pm] No config file for /var/www/html/officework/Stackoet/index.html
[Error - 10:52:12 pm] No config file for /var/www/html/officework/Stackoet/index.html
[Error - 10:52:14 pm] No config file for /var/www/html/officework/Stackoet/index.html
[Error - 10:52:15 pm] No config file for /var/www/html/officework/Stackoet/index.html
[Error - 10:52:18 pm] No config file for /var/www/html/officework/Stackoet/index.html
[Error - 10:52:22 pm] No config file for /var/www/html/officework/Stackoet/index.html
[Error - 10:52:22 pm] No config file for /var/www/html/officework/Stackoet/index.html
[Error - 10:52:25 pm] No config file for /var/www/html/officework/Stackoet/index.html
[Error - 10:52:25 pm] No config file for /var/www/html/officework/Stackoet/index.html
[Error - 10:52:31 pm] No config file for /var/www/html/officework/Stackoet/index.html
[Error - 10:52:31 pm] No config file for /var/www/html/officework/Stackoet/index.html
[Error - 10:52:36 pm] No config file for /var/www/html/officework/Stackoet/index.html
[Error - 10:52:36 pm] No config file for /var/www/html/officework/Stackoet/index.html
[Error - 10:53:42 pm] No config file for /var/www/html/officework/Stackoet/index.html
[Error - 10:53:43 pm] No config file for /var/www/html/officework/Stackoet/index.html
[Error - 10:53:44 pm] No config file for /var/www/html/officework/Stackoet/index.html
[Error - 10:53:45 pm] No config file for /var/www/html/officework/Stackoet/index.html
[Error - 10:53:46 pm] No config file for /var/www/html/officework/Stackoet/index.html
[Error - 10:53:46 pm] No config file for /var/www/html/officework/Stackoet/index.html
[Error - 10:53:47 pm] No config file for /var/www/html/officework/Stackoet/index.html
[Error - 11:08:55 pm] No config file for /var/www/html/officework/Stackoet/index.html
[Error - 11:08:57 pm] No config file for /var/www/html/officework/Stackoet/index.html
[Error - 11:08:58 pm] No config file for /var/www/html/officework/Stackoet/index.html
[Error - 11:08:58 pm] No config file for /var/www/html/officework/Stackoet/index.html
[Error - 11:10:53 pm] No config file for /var/www/html/officework/Stackoet/index.html
[Error - 11:10:54 pm] No config file for /var/www/html/officework/Stackoet/index.html
[Error - 11:10:54 pm] No config file for /var/www/html/officework/Stackoet/index.html
[Error - 11:10:55 pm] No config file for /var/www/html/officework/Stackoet/index.html
[Error - 11:10:55 pm] No config file for /var/www/html/officework/Stackoet/index.html
[Error - 11:10:57 pm] No config file for /var/www/html/officework/Stackoet/index.html
[Error - 11:10:57 pm] No config file for /var/www/html/officework/Stackoet/index.html
[Error - 11:10:57 pm] No config file for /var/www/html/officework/Stackoet/index.html
[Error - 11:10:57 pm] No config file for /var/www/html/officework/Stackoet/index.html
[Error - 11:11:14 pm] No config file for /var/www/html/officework/Stackoet/index.html
[Error - 11:11:16 pm] No config file for /var/www/html/officework/Stackoet/index.html
[Error - 11:11:17 pm] No config file for /var/www/html/officework/Stackoet/index.html
[Error - 11:11:17 pm] No config file for /var/www/html/officework/Stackoet/index.html
[Error - 11:11:18 pm] No config file for /var/www/html/officework/Stackoet/index.html
[Error - 11:11:18 pm] No config file for /var/www/html/officework/Stackoet/index.html
[Error - 11:11:18 pm] No config file for /var/www/html/officework/Stackoet/index.html
[Error - 11:11:19 pm] No config file for /var/www/html/officework/Stackoet/index.html
[Error - 11:11:19 pm] No config file for /var/www/html/officework/Stackoet/index.html
[Error - 11:11:19 pm] No config file for /var/www/html/officework/Stackoet/index.html
[Error - 11:11:19 pm] No config file for /var/www/html/officework/Stackoet/index.html
[Error - 11:11:20 pm] No config file for /var/www/html/officework/Stackoet/index.html
[Error - 11:11:20 pm] No config file for /var/www/html/officework/Stackoet/index.html
[Error - 11:11:20 pm] No config file for /var/www/html/officework/Stackoet/index.html
[Error - 11:11:22 pm] No config file for /var/www/html/officework/Stackoet/index.html
[Error - 11:11:22 pm] No config file for /var/www/html/officework/Stackoet/index.html
[Error - 11:11:23 pm] No config file for /var/www/html/officework/Stackoet/index.html
[Error - 11:11:23 pm] No config file for /var/www/html/officework/Stackoet/index.html
[Error - 11:11:23 pm] No config file for /var/www/html/officework/Stackoet/index.html
[Error - 11:11:24 pm] No config file for /var/www/html/officework/Stackoet/index.html
[Error - 11:11:24 pm] No config file for /var/www/html/officework/Stackoet/index.html
[Error - 11:11:24 pm] No config file for /var/www/html/officework/Stackoet/index.html
[Error - 11:11:25 pm] No config file for /var/www/html/officework/Stackoet/index.html
[Error - 11:11:25 pm] No config file for /var/www/html/officework/Stackoet/index.html
[Error - 11:11:26 pm] No config file for /var/www/html/officework/Stackoet/index.html
[Error - 11:11:27 pm] No config file for /var/www/html/officework/Stackoet/index.html
[Error - 11:11:27 pm] No config file for /var/www/html/officework/Stackoet/index.html
[Error - 11:11:27 pm] No config file for /var/www/html/officework/Stackoet/index.html
[Error - 11:11:27 pm] No config file for /var/www/html/officework/Stackoet/index.html
[Error - 11:11:28 pm] No config file for /var/www/html/officework/Stackoet/index.html
[Error - 11:11:28 pm] No config file for /var/www/html/officework/Stackoet/index.html
[Error - 11:11:28 pm] No config file for /var/www/html/officework/Stackoet/index.html
[Error - 11:11:28 pm] No config file for /var/www/html/officework/Stackoet/index.html
[Error - 11:11:28 pm] No config file for /var/www/html/officework/Stackoet/index.html
[Error - 11:11:29 pm] No config file for /var/www/html/officework/Stackoet/index.html
[Error - 11:12:12 pm] No config file for /var/www/html/officework/Stackoet/index.html
